This file contains any messages produced by compilers while
running configure, to aid debugging if configure makes a mistake.

It was created by libenet configure 1.0, which was
generated by GNU Autoconf 2.60.  Invocation command line was

  $ ./configure --prefix=/usr/local --host=arm-eabi host_alias=arm-eabi CC=/Users/michi/android/ndk-crystax/build/prebuilt/darwin-x86/arm-eabi-4.4.0/bin/arm-eabi-gcc CFLAGS=-I/Users/michi/android/ndk-crystax/build/platforms/android-8/arch-arm/usr/include -fpic -mthumb-interwork -ffunction-sections -funwind-tables -fstack-protector -fno-short-enums -D__ARM_ARCH_5__ -D__ARM_ARCH_5T__ -D__ARM_ARCH_5E__ -D__ARM_ARCH_5TE__ -DANDROID -Wno-psabi -march=armv5te -mtune=xscale -msoft-float -fno-exceptions -fno-rtti -mthumb -Os -fomit-frame-pointer -fno-strict-aliasing -finline-limit=64 -Wa,--noexecstack -O2 -DNDEBUG -g  -I/Users/michi/android/sdl_android/project/jni/application/../stlport/stlport -I/Users/michi/android/sdl_android/project/jni/application/../sdl/include -I/Users/michi/android/sdl_android/project/jni/application/../sdl_mixer -I/Users/michi/android/sdl_android/project/jni/application/../sdl_image -I/Users/michi/android/sdl_android/project/jni/application/../sdl_ttf -I/Users/michi/android/sdl_android/project/jni/application/../sdl_net -I/Users/michi/android/sdl_android/project/jni/application/../sdl_blitpool -I/Users/michi/android/sdl_android/project/jni/application/../sdl_gfx -I/Users/michi/android/sdl_android/project/jni/application/../png -I/Users/michi/android/sdl_android/project/jni/application/../jpeg -I/Users/michi/android/sdl_android/project/jni/application/../intl -I/Users/michi/android/sdl_android/project/jni/application/../freetype/include -I/Users/michi/android/sdl_android/project/jni/application/../xml2/include  LDFLAGS=-nostdlib -Wl,-soname,libapplication.so -Wl,-shared,-Bsymbolic -Wl,--whole-archive  -Wl,--no-whole-archive /Users/michi/android/ndk-crystax/build/prebuilt/darwin-x86/arm-eabi-4.4.0/lib/gcc/arm-eabi/4.4.0/libgcc.a /Users/michi/android/ndk-crystax/build/platforms/android-8/arch-arm/usr/lib/libc.so /Users/michi/android/ndk-crystax/build/platforms/android-8/arch-arm/usr/lib/libm.so -Wl,--no-undefined -Wl,-z,noexecstack -L/Users/michi/android/ndk-crystax/build/platforms/android-8/arch-arm/usr/lib -lGLESv1_CM -ldl -llog -lz -Wl,-rpath-link=/Users/michi/android/ndk-crystax/build/platforms/android-8/arch-arm/usr/lib -L/Users/michi/android/sdl_android/project/jni/application/../../obj/local/armeabi CPP=/Users/michi/android/ndk-crystax/build/prebuilt/darwin-x86/arm-eabi-4.4.0/bin/arm-eabi-cpp -I/Users/michi/android/ndk-crystax/build/platforms/android-8/arch-arm/usr/include -fpic -mthumb-interwork -ffunction-sections -funwind-tables -fstack-protector -fno-short-enums -D__ARM_ARCH_5__ -D__ARM_ARCH_5T__ -D__ARM_ARCH_5E__ -D__ARM_ARCH_5TE__ -DANDROID -Wno-psabi -march=armv5te -mtune=xscale -msoft-float -fno-exceptions -fno-rtti -mthumb -Os -fomit-frame-pointer -fno-strict-aliasing -finline-limit=64 -Wa,--noexecstack -O2 -DNDEBUG -g  -I/Users/michi/android/sdl_android/project/jni/application/../stlport/stlport -I/Users/michi/android/sdl_android/project/jni/application/../sdl/include -I/Users/michi/android/sdl_android/project/jni/application/../sdl_mixer -I/Users/michi/android/sdl_android/project/jni/application/../sdl_image -I/Users/michi/android/sdl_android/project/jni/application/../sdl_ttf -I/Users/michi/android/sdl_android/project/jni/application/../sdl_net -I/Users/michi/android/sdl_android/project/jni/application/../sdl_blitpool -I/Users/michi/android/sdl_android/project/jni/application/../sdl_gfx -I/Users/michi/android/sdl_android/project/jni/application/../png -I/Users/michi/android/sdl_android/project/jni/application/../jpeg -I/Users/michi/android/sdl_android/project/jni/application/../intl -I/Users/michi/android/sdl_android/project/jni/application/../freetype/include -I/Users/michi/android/sdl_android/project/jni/application/../xml2/include  CXX=/Users/michi/android/ndk-crystax/build/prebuilt/darwin-x86/arm-eabi-4.4.0/bin/arm-eabi-g++ CXXFLAGS=-I/Users/michi/android/ndk-crystax/build/platforms/android-8/arch-arm/usr/include -fpic -mthumb-interwork -ffunction-sections -funwind-tables -fstack-protector -fno-short-enums -D__ARM_ARCH_5__ -D__ARM_ARCH_5T__ -D__ARM_ARCH_5E__ -D__ARM_ARCH_5TE__ -DANDROID -Wno-psabi -march=armv5te -mtune=xscale -msoft-float -fno-exceptions -fno-rtti -mthumb -Os -fomit-frame-pointer -fno-strict-aliasing -finline-limit=64 -Wa,--noexecstack -O2 -DNDEBUG -g  -I/Users/michi/android/sdl_android/project/jni/application/../stlport/stlport -I/Users/michi/android/sdl_android/project/jni/application/../sdl/include -I/Users/michi/android/sdl_android/project/jni/application/../sdl_mixer -I/Users/michi/android/sdl_android/project/jni/application/../sdl_image -I/Users/michi/android/sdl_android/project/jni/application/../sdl_ttf -I/Users/michi/android/sdl_android/project/jni/application/../sdl_net -I/Users/michi/android/sdl_android/project/jni/application/../sdl_blitpool -I/Users/michi/android/sdl_android/project/jni/application/../sdl_gfx -I/Users/michi/android/sdl_android/project/jni/application/../png -I/Users/michi/android/sdl_android/project/jni/application/../jpeg -I/Users/michi/android/sdl_android/project/jni/application/../intl -I/Users/michi/android/sdl_android/project/jni/application/../freetype/include -I/Users/michi/android/sdl_android/project/jni/application/../xml2/include  --cache-file=/dev/null --srcdir=.

## --------- ##
## Platform. ##
## --------- ##

hostname = AuroraBorealis.local
uname -m = i386
uname -r = 9.8.0
uname -s = Darwin
uname -v = Darwin Kernel Version 9.8.0: Wed Jul 15 16:55:01 PDT 2009; root:xnu-1228.15.4~1/RELEASE_I386

/usr/bin/uname -p = i386
/bin/uname -X     = unknown

/bin/arch              = unknown
/usr/bin/arch -k       = unknown
/usr/convex/getsysinfo = unknown
/usr/bin/hostinfo      = Mach kernel version:
	 Darwin Kernel Version 9.8.0: Wed Jul 15 16:55:01 PDT 2009; root:xnu-1228.15.4~1/RELEASE_I386
Kernel configured for up to 2 processors.
2 processors are physically available.
2 processors are logically available.
Processor type: i486 (Intel 80486)
Processors active: 0 1
Primary memory available: 2.00 gigabytes
Default processor set: 168 tasks, 623 threads, 2 processors
Load average: 1.82, Mach factor: 0.59
/bin/machine           = unknown
/usr/bin/oslevel       = unknown
/bin/universe          = unknown

PATH: /Users/michi/android/ndk-crystax/build/prebuilt/darwin-x86/arm-eabi-4.4.0/bin
PATH: /Users/michi/android/sdl_android/project/jni/application
PATH: /opt/local/bin
PATH: /opt/local/sbin
PATH: /usr/bin
PATH: /bin
PATH: /usr/sbin
PATH: /sbin
PATH: /usr/local/bin
PATH: /usr/texbin
PATH: /usr/X11/bin
PATH: /Users/michi/android/ndk-crystax/
PATH: /Users/michi/android/tools/


## ----------- ##
## Core tests. ##
## ----------- ##

configure:1715: checking for a BSD-compatible install
configure:1771: result: /usr/bin/install -c
configure:1782: checking whether build environment is sane
configure:1825: result: yes
configure:1890: checking for gawk
configure:1906: found /opt/local/bin/gawk
configure:1917: result: gawk
configure:1928: checking whether make sets $(MAKE)
configure:1949: result: yes
configure:2025: checking for arm-eabi-strip
configure:2052: result: /Users/michi/android/ndk-crystax/build/prebuilt/darwin-x86/arm-eabi-4.4.0/bin/arm-eabi-strip
configure:2142: checking for arm-eabi-gcc
configure:2169: result: /Users/michi/android/ndk-crystax/build/prebuilt/darwin-x86/arm-eabi-4.4.0/bin/arm-eabi-gcc
configure:2447: checking for C compiler version
configure:2454: /Users/michi/android/ndk-crystax/build/prebuilt/darwin-x86/arm-eabi-4.4.0/bin/arm-eabi-gcc --version >&5
arm-eabi-gcc (GCC) 4.4.0
Copyright (C) 2009 Free Software Foundation, Inc.
This is free software; see the source for copying conditions.  There is NO
warranty; not even for MERCHANTABILITY or FITNESS FOR A PARTICULAR PURPOSE.

configure:2457: $? = 0
configure:2464: /Users/michi/android/ndk-crystax/build/prebuilt/darwin-x86/arm-eabi-4.4.0/bin/arm-eabi-gcc -v >&5
Using built-in specs.
Target: arm-eabi
Configured with: /tmp/ndk-toolchain-ivYmmi/src/build/../gcc/gcc-4.4.0/configure --prefix=/tmp/ndk-prebuilt-1099/build/prebuilt/darwin-x86/arm-eabi-4.4.0 --target=arm-eabi --host=i386-apple-darwin9.8.0 --build=i386-apple-darwin9.8.0 --enable-languages=c,c++ --with-gmp=/tmp/ndk-toolchain-ivYmmi/toolchain-arm-eabi-4.4.0/temp-install --with-mpfr=/tmp/ndk-toolchain-ivYmmi/toolchain-arm-eabi-4.4.0/temp-install --disable-libssp --enable-threads --disable-nls --disable-libmudflap --disable-libgomp --disable-libstdc__-v3 --disable-sjlj-exceptions --disable-shared --disable-tls --with-float=soft --with-fpu=vfp --with-arch=armv5te --enable-target-optspace --with-abi=aapcs --disable-nls --prefix=/tmp/ndk-prebuilt-1099/build/prebuilt/darwin-x86/arm-eabi-4.4.0 --with-sysroot=/opt/android/android-ndk-r4-crystax/build/platforms/android-3/arch-arm --enable-libstdc__-v3 --enable-threads=posix --with-binutils-version=2.19 --with-gcc-version=4.4.0 --with-gdb-version=6.6 --program-transform-name='s&^&arm-eabi-&'
Thread model: posix
gcc version 4.4.0 (GCC) 
configure:2467: $? = 0
configure:2474: /Users/michi/android/ndk-crystax/build/prebuilt/darwin-x86/arm-eabi-4.4.0/bin/arm-eabi-gcc -V >&5
arm-eabi-gcc: '-V' option must have argument
configure:2477: $? = 1
configure:2500: checking for C compiler default output file name
configure:2527: /Users/michi/android/ndk-crystax/build/prebuilt/darwin-x86/arm-eabi-4.4.0/bin/arm-eabi-gcc -I/Users/michi/android/ndk-crystax/build/platforms/android-8/arch-arm/usr/include -fpic -mthumb-interwork -ffunction-sections -funwind-tables -fstack-protector -fno-short-enums -D__ARM_ARCH_5__ -D__ARM_ARCH_5T__ -D__ARM_ARCH_5E__ -D__ARM_ARCH_5TE__ -DANDROID -Wno-psabi -march=armv5te -mtune=xscale -msoft-float -fno-exceptions -fno-rtti -mthumb -Os -fomit-frame-pointer -fno-strict-aliasing -finline-limit=64 -Wa,--noexecstack -O2 -DNDEBUG -g  -I/Users/michi/android/sdl_android/project/jni/application/../stlport/stlport -I/Users/michi/android/sdl_android/project/jni/application/../sdl/include -I/Users/michi/android/sdl_android/project/jni/application/../sdl_mixer -I/Users/michi/android/sdl_android/project/jni/application/../sdl_image -I/Users/michi/android/sdl_android/project/jni/application/../sdl_ttf -I/Users/michi/android/sdl_android/project/jni/application/../sdl_net -I/Users/michi/android/sdl_android/project/jni/application/../sdl_blitpool -I/Users/michi/android/sdl_android/project/jni/application/../sdl_gfx -I/Users/michi/android/sdl_android/project/jni/application/../png -I/Users/michi/android/sdl_android/project/jni/application/../jpeg -I/Users/michi/android/sdl_android/project/jni/application/../intl -I/Users/michi/android/sdl_android/project/jni/application/../freetype/include -I/Users/michi/android/sdl_android/project/jni/application/../xml2/include   -nostdlib -Wl,-soname,libapplication.so -Wl,-shared,-Bsymbolic -Wl,--whole-archive  -Wl,--no-whole-archive /Users/michi/android/ndk-crystax/build/prebuilt/darwin-x86/arm-eabi-4.4.0/lib/gcc/arm-eabi/4.4.0/libgcc.a /Users/michi/android/ndk-crystax/build/platforms/android-8/arch-arm/usr/lib/libc.so /Users/michi/android/ndk-crystax/build/platforms/android-8/arch-arm/usr/lib/libm.so -Wl,--no-undefined -Wl,-z,noexecstack -L/Users/michi/android/ndk-crystax/build/platforms/android-8/arch-arm/usr/lib -lGLESv1_CM -ldl -llog -lz -Wl,-rpath-link=/Users/michi/android/ndk-crystax/build/platforms/android-8/arch-arm/usr/lib -L/Users/michi/android/sdl_android/project/jni/application/../../obj/local/armeabi conftest.c  >&5
cc1: warning: command line option "-fno-rtti" is valid for C++/ObjC++ but not for C
configure:2530: $? = 0
configure:2576: result: a.out
configure:2581: checking whether the C compiler works
configure:2591: ./a.out
./configure: line 2592: ./a.out: cannot execute binary file
configure:2594: $? = 126
configure:2611: result: yes
configure:2618: checking whether we are cross compiling
configure:2620: result: yes
configure:2623: checking for suffix of executables
configure:2630: /Users/michi/android/ndk-crystax/build/prebuilt/darwin-x86/arm-eabi-4.4.0/bin/arm-eabi-gcc -o conftest -I/Users/michi/android/ndk-crystax/build/platforms/android-8/arch-arm/usr/include -fpic -mthumb-interwork -ffunction-sections -funwind-tables -fstack-protector -fno-short-enums -D__ARM_ARCH_5__ -D__ARM_ARCH_5T__ -D__ARM_ARCH_5E__ -D__ARM_ARCH_5TE__ -DANDROID -Wno-psabi -march=armv5te -mtune=xscale -msoft-float -fno-exceptions -fno-rtti -mthumb -Os -fomit-frame-pointer -fno-strict-aliasing -finline-limit=64 -Wa,--noexecstack -O2 -DNDEBUG -g  -I/Users/michi/android/sdl_android/project/jni/application/../stlport/stlport -I/Users/michi/android/sdl_android/project/jni/application/../sdl/include -I/Users/michi/android/sdl_android/project/jni/application/../sdl_mixer -I/Users/michi/android/sdl_android/project/jni/application/../sdl_image -I/Users/michi/android/sdl_android/project/jni/application/../sdl_ttf -I/Users/michi/android/sdl_android/project/jni/application/../sdl_net -I/Users/michi/android/sdl_android/project/jni/application/../sdl_blitpool -I/Users/michi/android/sdl_android/project/jni/application/../sdl_gfx -I/Users/michi/android/sdl_android/project/jni/application/../png -I/Users/michi/android/sdl_android/project/jni/application/../jpeg -I/Users/michi/android/sdl_android/project/jni/application/../intl -I/Users/michi/android/sdl_android/project/jni/application/../freetype/include -I/Users/michi/android/sdl_android/project/jni/application/../xml2/include   -nostdlib -Wl,-soname,libapplication.so -Wl,-shared,-Bsymbolic -Wl,--whole-archive  -Wl,--no-whole-archive /Users/michi/android/ndk-crystax/build/prebuilt/darwin-x86/arm-eabi-4.4.0/lib/gcc/arm-eabi/4.4.0/libgcc.a /Users/michi/android/ndk-crystax/build/platforms/android-8/arch-arm/usr/lib/libc.so /Users/michi/android/ndk-crystax/build/platforms/android-8/arch-arm/usr/lib/libm.so -Wl,--no-undefined -Wl,-z,noexecstack -L/Users/michi/android/ndk-crystax/build/platforms/android-8/arch-arm/usr/lib -lGLESv1_CM -ldl -llog -lz -Wl,-rpath-link=/Users/michi/android/ndk-crystax/build/platforms/android-8/arch-arm/usr/lib -L/Users/michi/android/sdl_android/project/jni/application/../../obj/local/armeabi conftest.c  >&5
cc1: warning: command line option "-fno-rtti" is valid for C++/ObjC++ but not for C
configure:2633: $? = 0
configure:2657: result: 
configure:2663: checking for suffix of object files
configure:2689: /Users/michi/android/ndk-crystax/build/prebuilt/darwin-x86/arm-eabi-4.4.0/bin/arm-eabi-gcc -c -I/Users/michi/android/ndk-crystax/build/platforms/android-8/arch-arm/usr/include -fpic -mthumb-interwork -ffunction-sections -funwind-tables -fstack-protector -fno-short-enums -D__ARM_ARCH_5__ -D__ARM_ARCH_5T__ -D__ARM_ARCH_5E__ -D__ARM_ARCH_5TE__ -DANDROID -Wno-psabi -march=armv5te -mtune=xscale -msoft-float -fno-exceptions -fno-rtti -mthumb -Os -fomit-frame-pointer -fno-strict-aliasing -finline-limit=64 -Wa,--noexecstack -O2 -DNDEBUG -g  -I/Users/michi/android/sdl_android/project/jni/application/../stlport/stlport -I/Users/michi/android/sdl_android/project/jni/application/../sdl/include -I/Users/michi/android/sdl_android/project/jni/application/../sdl_mixer -I/Users/michi/android/sdl_android/project/jni/application/../sdl_image -I/Users/michi/android/sdl_android/project/jni/application/../sdl_ttf -I/Users/michi/android/sdl_android/project/jni/application/../sdl_net -I/Users/michi/android/sdl_android/project/jni/application/../sdl_blitpool -I/Users/michi/android/sdl_android/project/jni/application/../sdl_gfx -I/Users/michi/android/sdl_android/project/jni/application/../png -I/Users/michi/android/sdl_android/project/jni/application/../jpeg -I/Users/michi/android/sdl_android/project/jni/application/../intl -I/Users/michi/android/sdl_android/project/jni/application/../freetype/include -I/Users/michi/android/sdl_android/project/jni/application/../xml2/include   conftest.c >&5
cc1: warning: command line option "-fno-rtti" is valid for C++/ObjC++ but not for C
configure:2692: $? = 0
configure:2715: result: o
configure:2719: checking whether we are using the GNU C compiler
configure:2748: /Users/michi/android/ndk-crystax/build/prebuilt/darwin-x86/arm-eabi-4.4.0/bin/arm-eabi-gcc -c -I/Users/michi/android/ndk-crystax/build/platforms/android-8/arch-arm/usr/include -fpic -mthumb-interwork -ffunction-sections -funwind-tables -fstack-protector -fno-short-enums -D__ARM_ARCH_5__ -D__ARM_ARCH_5T__ -D__ARM_ARCH_5E__ -D__ARM_ARCH_5TE__ -DANDROID -Wno-psabi -march=armv5te -mtune=xscale -msoft-float -fno-exceptions -fno-rtti -mthumb -Os -fomit-frame-pointer -fno-strict-aliasing -finline-limit=64 -Wa,--noexecstack -O2 -DNDEBUG -g  -I/Users/michi/android/sdl_android/project/jni/application/../stlport/stlport -I/Users/michi/android/sdl_android/project/jni/application/../sdl/include -I/Users/michi/android/sdl_android/project/jni/application/../sdl_mixer -I/Users/michi/android/sdl_android/project/jni/application/../sdl_image -I/Users/michi/android/sdl_android/project/jni/application/../sdl_ttf -I/Users/michi/android/sdl_android/project/jni/application/../sdl_net -I/Users/michi/android/sdl_android/project/jni/application/../sdl_blitpool -I/Users/michi/android/sdl_android/project/jni/application/../sdl_gfx -I/Users/michi/android/sdl_android/project/jni/application/../png -I/Users/michi/android/sdl_android/project/jni/application/../jpeg -I/Users/michi/android/sdl_android/project/jni/application/../intl -I/Users/michi/android/sdl_android/project/jni/application/../freetype/include -I/Users/michi/android/sdl_android/project/jni/application/../xml2/include   conftest.c >&5
cc1: warning: command line option "-fno-rtti" is valid for C++/ObjC++ but not for C
configure:2754: $? = 0
configure:2761: test -z "$ac_c_werror_flag" || test ! -s conftest.err
configure:2764: $? = 0
configure:2771: test -s conftest.o
configure:2774: $? = 0
configure:2788: result: yes
configure:2793: checking whether /Users/michi/android/ndk-crystax/build/prebuilt/darwin-x86/arm-eabi-4.4.0/bin/arm-eabi-gcc accepts -g
configure:2823: /Users/michi/android/ndk-crystax/build/prebuilt/darwin-x86/arm-eabi-4.4.0/bin/arm-eabi-gcc -c -g  conftest.c >&5
configure:2829: $? = 0
configure:2836: test -z "$ac_c_werror_flag" || test ! -s conftest.err
configure:2839: $? = 0
configure:2846: test -s conftest.o
configure:2849: $? = 0
configure:2979: result: yes
configure:2996: checking for /Users/michi/android/ndk-crystax/build/prebuilt/darwin-x86/arm-eabi-4.4.0/bin/arm-eabi-gcc option to accept ISO C89
configure:3070: /Users/michi/android/ndk-crystax/build/prebuilt/darwin-x86/arm-eabi-4.4.0/bin/arm-eabi-gcc  -c -I/Users/michi/android/ndk-crystax/build/platforms/android-8/arch-arm/usr/include -fpic -mthumb-interwork -ffunction-sections -funwind-tables -fstack-protector -fno-short-enums -D__ARM_ARCH_5__ -D__ARM_ARCH_5T__ -D__ARM_ARCH_5E__ -D__ARM_ARCH_5TE__ -DANDROID -Wno-psabi -march=armv5te -mtune=xscale -msoft-float -fno-exceptions -fno-rtti -mthumb -Os -fomit-frame-pointer -fno-strict-aliasing -finline-limit=64 -Wa,--noexecstack -O2 -DNDEBUG -g  -I/Users/michi/android/sdl_android/project/jni/application/../stlport/stlport -I/Users/michi/android/sdl_android/project/jni/application/../sdl/include -I/Users/michi/android/sdl_android/project/jni/application/../sdl_mixer -I/Users/michi/android/sdl_android/project/jni/application/../sdl_image -I/Users/michi/android/sdl_android/project/jni/application/../sdl_ttf -I/Users/michi/android/sdl_android/project/jni/application/../sdl_net -I/Users/michi/android/sdl_android/project/jni/application/../sdl_blitpool -I/Users/michi/android/sdl_android/project/jni/application/../sdl_gfx -I/Users/michi/android/sdl_android/project/jni/application/../png -I/Users/michi/android/sdl_android/project/jni/application/../jpeg -I/Users/michi/android/sdl_android/project/jni/application/../intl -I/Users/michi/android/sdl_android/project/jni/application/../freetype/include -I/Users/michi/android/sdl_android/project/jni/application/../xml2/include   conftest.c >&5
cc1: warning: command line option "-fno-rtti" is valid for C++/ObjC++ but not for C
configure:3076: $? = 0
configure:3083: test -z "$ac_c_werror_flag" || test ! -s conftest.err
configure:3086: $? = 0
configure:3093: test -s conftest.o
configure:3096: $? = 0
configure:3116: result: none needed
configure:3145: checking for style of include used by make
configure:3173: result: GNU
configure:3201: checking dependency style of /Users/michi/android/ndk-crystax/build/prebuilt/darwin-x86/arm-eabi-4.4.0/bin/arm-eabi-gcc
configure:3291: result: gcc3
configure:3311: checking for arm-eabi-ranlib
configure:3338: result: /Users/michi/android/ndk-crystax/build/prebuilt/darwin-x86/arm-eabi-4.4.0/bin/arm-eabi-ranlib
configure:3406: checking for gethostbyaddr_r
configure:3462: /Users/michi/android/ndk-crystax/build/prebuilt/darwin-x86/arm-eabi-4.4.0/bin/arm-eabi-gcc -o conftest -I/Users/michi/android/ndk-crystax/build/platforms/android-8/arch-arm/usr/include -fpic -mthumb-interwork -ffunction-sections -funwind-tables -fstack-protector -fno-short-enums -D__ARM_ARCH_5__ -D__ARM_ARCH_5T__ -D__ARM_ARCH_5E__ -D__ARM_ARCH_5TE__ -DANDROID -Wno-psabi -march=armv5te -mtune=xscale -msoft-float -fno-exceptions -fno-rtti -mthumb -Os -fomit-frame-pointer -fno-strict-aliasing -finline-limit=64 -Wa,--noexecstack -O2 -DNDEBUG -g  -I/Users/michi/android/sdl_android/project/jni/application/../stlport/stlport -I/Users/michi/android/sdl_android/project/jni/application/../sdl/include -I/Users/michi/android/sdl_android/project/jni/application/../sdl_mixer -I/Users/michi/android/sdl_android/project/jni/application/../sdl_image -I/Users/michi/android/sdl_android/project/jni/application/../sdl_ttf -I/Users/michi/android/sdl_android/project/jni/application/../sdl_net -I/Users/michi/android/sdl_android/project/jni/application/../sdl_blitpool -I/Users/michi/android/sdl_android/project/jni/application/../sdl_gfx -I/Users/michi/android/sdl_android/project/jni/application/../png -I/Users/michi/android/sdl_android/project/jni/application/../jpeg -I/Users/michi/android/sdl_android/project/jni/application/../intl -I/Users/michi/android/sdl_android/project/jni/application/../freetype/include -I/Users/michi/android/sdl_android/project/jni/application/../xml2/include   -nostdlib -Wl,-soname,libapplication.so -Wl,-shared,-Bsymbolic -Wl,--whole-archive  -Wl,--no-whole-archive /Users/michi/android/ndk-crystax/build/prebuilt/darwin-x86/arm-eabi-4.4.0/lib/gcc/arm-eabi/4.4.0/libgcc.a /Users/michi/android/ndk-crystax/build/platforms/android-8/arch-arm/usr/lib/libc.so /Users/michi/android/ndk-crystax/build/platforms/android-8/arch-arm/usr/lib/libm.so -Wl,--no-undefined -Wl,-z,noexecstack -L/Users/michi/android/ndk-crystax/build/platforms/android-8/arch-arm/usr/lib -lGLESv1_CM -ldl -llog -lz -Wl,-rpath-link=/Users/michi/android/ndk-crystax/build/platforms/android-8/arch-arm/usr/lib -L/Users/michi/android/sdl_android/project/jni/application/../../obj/local/armeabi conftest.c  >&5
cc1: warning: command line option "-fno-rtti" is valid for C++/ObjC++ but not for C
/var/folders/ys/yst84EuxEN0eoAfS5cKHxE+++TI/-Tmp-//ccISzApz.o: In function `main':
/Users/michi/android/sdl_android/project/jni/application/enigma/lib-src/enet/conftest.c:44: undefined reference to `gethostbyaddr_r'
collect2: ld returned 1 exit status
configure:3468: $? = 1
configure: failed program was:
| /* confdefs.h.  */
| #define PACKAGE_NAME "libenet"
| #define PACKAGE_TARNAME "libenet"
| #define PACKAGE_VERSION "1.0"
| #define PACKAGE_STRING "libenet 1.0"
| #define PACKAGE_BUGREPORT ""
| #define PACKAGE "libenet.a"
| #define VERSION "1.0"
| /* end confdefs.h.  */
| /* Define gethostbyaddr_r to an innocuous variant, in case <limits.h> declares gethostbyaddr_r.
|    For example, HP-UX 11i <limits.h> declares gettimeofday.  */
| #define gethostbyaddr_r innocuous_gethostbyaddr_r
| 
| /* System header to define __stub macros and hopefully few prototypes,
|     which can conflict with char gethostbyaddr_r (); below.
|     Prefer <limits.h> to <assert.h> if __STDC__ is defined, since
|     <limits.h> exists even on freestanding compilers.  */
| 
| #ifdef __STDC__
| # include <limits.h>
| #else
| # include <assert.h>
| #endif
| 
| #undef gethostbyaddr_r
| 
| /* Override any GCC internal prototype to avoid an error.
|    Use char because int might match the return type of a GCC
|    builtin and then its argument prototype would still apply.  */
| #ifdef __cplusplus
| extern "C"
| #endif
| char gethostbyaddr_r ();
| /* The GNU C library defines this for functions which it implements
|     to always fail with ENOSYS.  Some functions are actually named
|     something starting with __ and the normal name is an alias.  */
| #if defined __stub_gethostbyaddr_r || defined __stub___gethostbyaddr_r
| choke me
| #endif
| 
| int
| main ()
| {
| return gethostbyaddr_r ();
|   ;
|   return 0;
| }
configure:3501: result: no
configure:3510: checking for gethostbyname_r
configure:3566: /Users/michi/android/ndk-crystax/build/prebuilt/darwin-x86/arm-eabi-4.4.0/bin/arm-eabi-gcc -o conftest -I/Users/michi/android/ndk-crystax/build/platforms/android-8/arch-arm/usr/include -fpic -mthumb-interwork -ffunction-sections -funwind-tables -fstack-protector -fno-short-enums -D__ARM_ARCH_5__ -D__ARM_ARCH_5T__ -D__ARM_ARCH_5E__ -D__ARM_ARCH_5TE__ -DANDROID -Wno-psabi -march=armv5te -mtune=xscale -msoft-float -fno-exceptions -fno-rtti -mthumb -Os -fomit-frame-pointer -fno-strict-aliasing -finline-limit=64 -Wa,--noexecstack -O2 -DNDEBUG -g  -I/Users/michi/android/sdl_android/project/jni/application/../stlport/stlport -I/Users/michi/android/sdl_android/project/jni/application/../sdl/include -I/Users/michi/android/sdl_android/project/jni/application/../sdl_mixer -I/Users/michi/android/sdl_android/project/jni/application/../sdl_image -I/Users/michi/android/sdl_android/project/jni/application/../sdl_ttf -I/Users/michi/android/sdl_android/project/jni/application/../sdl_net -I/Users/michi/android/sdl_android/project/jni/application/../sdl_blitpool -I/Users/michi/android/sdl_android/project/jni/application/../sdl_gfx -I/Users/michi/android/sdl_android/project/jni/application/../png -I/Users/michi/android/sdl_android/project/jni/application/../jpeg -I/Users/michi/android/sdl_android/project/jni/application/../intl -I/Users/michi/android/sdl_android/project/jni/application/../freetype/include -I/Users/michi/android/sdl_android/project/jni/application/../xml2/include   -nostdlib -Wl,-soname,libapplication.so -Wl,-shared,-Bsymbolic -Wl,--whole-archive  -Wl,--no-whole-archive /Users/michi/android/ndk-crystax/build/prebuilt/darwin-x86/arm-eabi-4.4.0/lib/gcc/arm-eabi/4.4.0/libgcc.a /Users/michi/android/ndk-crystax/build/platforms/android-8/arch-arm/usr/lib/libc.so /Users/michi/android/ndk-crystax/build/platforms/android-8/arch-arm/usr/lib/libm.so -Wl,--no-undefined -Wl,-z,noexecstack -L/Users/michi/android/ndk-crystax/build/platforms/android-8/arch-arm/usr/lib -lGLESv1_CM -ldl -llog -lz -Wl,-rpath-link=/Users/michi/android/ndk-crystax/build/platforms/android-8/arch-arm/usr/lib -L/Users/michi/android/sdl_android/project/jni/application/../../obj/local/armeabi conftest.c  >&5
cc1: warning: command line option "-fno-rtti" is valid for C++/ObjC++ but not for C
configure:3572: $? = 0
configure:3579: test -z "$ac_c_werror_flag" || test ! -s conftest.err
configure:3582: $? = 0
configure:3589: test -s conftest
configure:3592: $? = 0
configure:3605: result: yes
configure:3614: checking for poll
configure:3670: /Users/michi/android/ndk-crystax/build/prebuilt/darwin-x86/arm-eabi-4.4.0/bin/arm-eabi-gcc -o conftest -I/Users/michi/android/ndk-crystax/build/platforms/android-8/arch-arm/usr/include -fpic -mthumb-interwork -ffunction-sections -funwind-tables -fstack-protector -fno-short-enums -D__ARM_ARCH_5__ -D__ARM_ARCH_5T__ -D__ARM_ARCH_5E__ -D__ARM_ARCH_5TE__ -DANDROID -Wno-psabi -march=armv5te -mtune=xscale -msoft-float -fno-exceptions -fno-rtti -mthumb -Os -fomit-frame-pointer -fno-strict-aliasing -finline-limit=64 -Wa,--noexecstack -O2 -DNDEBUG -g  -I/Users/michi/android/sdl_android/project/jni/application/../stlport/stlport -I/Users/michi/android/sdl_android/project/jni/application/../sdl/include -I/Users/michi/android/sdl_android/project/jni/application/../sdl_mixer -I/Users/michi/android/sdl_android/project/jni/application/../sdl_image -I/Users/michi/android/sdl_android/project/jni/application/../sdl_ttf -I/Users/michi/android/sdl_android/project/jni/application/../sdl_net -I/Users/michi/android/sdl_android/project/jni/application/../sdl_blitpool -I/Users/michi/android/sdl_android/project/jni/application/../sdl_gfx -I/Users/michi/android/sdl_android/project/jni/application/../png -I/Users/michi/android/sdl_android/project/jni/application/../jpeg -I/Users/michi/android/sdl_android/project/jni/application/../intl -I/Users/michi/android/sdl_android/project/jni/application/../freetype/include -I/Users/michi/android/sdl_android/project/jni/application/../xml2/include   -nostdlib -Wl,-soname,libapplication.so -Wl,-shared,-Bsymbolic -Wl,--whole-archive  -Wl,--no-whole-archive /Users/michi/android/ndk-crystax/build/prebuilt/darwin-x86/arm-eabi-4.4.0/lib/gcc/arm-eabi/4.4.0/libgcc.a /Users/michi/android/ndk-crystax/build/platforms/android-8/arch-arm/usr/lib/libc.so /Users/michi/android/ndk-crystax/build/platforms/android-8/arch-arm/usr/lib/libm.so -Wl,--no-undefined -Wl,-z,noexecstack -L/Users/michi/android/ndk-crystax/build/platforms/android-8/arch-arm/usr/lib -lGLESv1_CM -ldl -llog -lz -Wl,-rpath-link=/Users/michi/android/ndk-crystax/build/platforms/android-8/arch-arm/usr/lib -L/Users/michi/android/sdl_android/project/jni/application/../../obj/local/armeabi conftest.c  >&5
cc1: warning: command line option "-fno-rtti" is valid for C++/ObjC++ but not for C
configure:3676: $? = 0
configure:3683: test -z "$ac_c_werror_flag" || test ! -s conftest.err
configure:3686: $? = 0
configure:3693: test -s conftest
configure:3696: $? = 0
configure:3709: result: yes
configure:3718: checking for fcntl
configure:3774: /Users/michi/android/ndk-crystax/build/prebuilt/darwin-x86/arm-eabi-4.4.0/bin/arm-eabi-gcc -o conftest -I/Users/michi/android/ndk-crystax/build/platforms/android-8/arch-arm/usr/include -fpic -mthumb-interwork -ffunction-sections -funwind-tables -fstack-protector -fno-short-enums -D__ARM_ARCH_5__ -D__ARM_ARCH_5T__ -D__ARM_ARCH_5E__ -D__ARM_ARCH_5TE__ -DANDROID -Wno-psabi -march=armv5te -mtune=xscale -msoft-float -fno-exceptions -fno-rtti -mthumb -Os -fomit-frame-pointer -fno-strict-aliasing -finline-limit=64 -Wa,--noexecstack -O2 -DNDEBUG -g  -I/Users/michi/android/sdl_android/project/jni/application/../stlport/stlport -I/Users/michi/android/sdl_android/project/jni/application/../sdl/include -I/Users/michi/android/sdl_android/project/jni/application/../sdl_mixer -I/Users/michi/android/sdl_android/project/jni/application/../sdl_image -I/Users/michi/android/sdl_android/project/jni/application/../sdl_ttf -I/Users/michi/android/sdl_android/project/jni/application/../sdl_net -I/Users/michi/android/sdl_android/project/jni/application/../sdl_blitpool -I/Users/michi/android/sdl_android/project/jni/application/../sdl_gfx -I/Users/michi/android/sdl_android/project/jni/application/../png -I/Users/michi/android/sdl_android/project/jni/application/../jpeg -I/Users/michi/android/sdl_android/project/jni/application/../intl -I/Users/michi/android/sdl_android/project/jni/application/../freetype/include -I/Users/michi/android/sdl_android/project/jni/application/../xml2/include   -nostdlib -Wl,-soname,libapplication.so -Wl,-shared,-Bsymbolic -Wl,--whole-archive  -Wl,--no-whole-archive /Users/michi/android/ndk-crystax/build/prebuilt/darwin-x86/arm-eabi-4.4.0/lib/gcc/arm-eabi/4.4.0/libgcc.a /Users/michi/android/ndk-crystax/build/platforms/android-8/arch-arm/usr/lib/libc.so /Users/michi/android/ndk-crystax/build/platforms/android-8/arch-arm/usr/lib/libm.so -Wl,--no-undefined -Wl,-z,noexecstack -L/Users/michi/android/ndk-crystax/build/platforms/android-8/arch-arm/usr/lib -lGLESv1_CM -ldl -llog -lz -Wl,-rpath-link=/Users/michi/android/ndk-crystax/build/platforms/android-8/arch-arm/usr/lib -L/Users/michi/android/sdl_android/project/jni/application/../../obj/local/armeabi conftest.c  >&5
cc1: warning: command line option "-fno-rtti" is valid for C++/ObjC++ but not for C
configure:3780: $? = 0
configure:3787: test -z "$ac_c_werror_flag" || test ! -s conftest.err
configure:3790: $? = 0
configure:3797: test -s conftest
configure:3800: $? = 0
configure:3813: result: yes
configure:3822: checking for inet_pton
configure:3878: /Users/michi/android/ndk-crystax/build/prebuilt/darwin-x86/arm-eabi-4.4.0/bin/arm-eabi-gcc -o conftest -I/Users/michi/android/ndk-crystax/build/platforms/android-8/arch-arm/usr/include -fpic -mthumb-interwork -ffunction-sections -funwind-tables -fstack-protector -fno-short-enums -D__ARM_ARCH_5__ -D__ARM_ARCH_5T__ -D__ARM_ARCH_5E__ -D__ARM_ARCH_5TE__ -DANDROID -Wno-psabi -march=armv5te -mtune=xscale -msoft-float -fno-exceptions -fno-rtti -mthumb -Os -fomit-frame-pointer -fno-strict-aliasing -finline-limit=64 -Wa,--noexecstack -O2 -DNDEBUG -g  -I/Users/michi/android/sdl_android/project/jni/application/../stlport/stlport -I/Users/michi/android/sdl_android/project/jni/application/../sdl/include -I/Users/michi/android/sdl_android/project/jni/application/../sdl_mixer -I/Users/michi/android/sdl_android/project/jni/application/../sdl_image -I/Users/michi/android/sdl_android/project/jni/application/../sdl_ttf -I/Users/michi/android/sdl_android/project/jni/application/../sdl_net -I/Users/michi/android/sdl_android/project/jni/application/../sdl_blitpool -I/Users/michi/android/sdl_android/project/jni/application/../sdl_gfx -I/Users/michi/android/sdl_android/project/jni/application/../png -I/Users/michi/android/sdl_android/project/jni/application/../jpeg -I/Users/michi/android/sdl_android/project/jni/application/../intl -I/Users/michi/android/sdl_android/project/jni/application/../freetype/include -I/Users/michi/android/sdl_android/project/jni/application/../xml2/include   -nostdlib -Wl,-soname,libapplication.so -Wl,-shared,-Bsymbolic -Wl,--whole-archive  -Wl,--no-whole-archive /Users/michi/android/ndk-crystax/build/prebuilt/darwin-x86/arm-eabi-4.4.0/lib/gcc/arm-eabi/4.4.0/libgcc.a /Users/michi/android/ndk-crystax/build/platforms/android-8/arch-arm/usr/lib/libc.so /Users/michi/android/ndk-crystax/build/platforms/android-8/arch-arm/usr/lib/libm.so -Wl,--no-undefined -Wl,-z,noexecstack -L/Users/michi/android/ndk-crystax/build/platforms/android-8/arch-arm/usr/lib -lGLESv1_CM -ldl -llog -lz -Wl,-rpath-link=/Users/michi/android/ndk-crystax/build/platforms/android-8/arch-arm/usr/lib -L/Users/michi/android/sdl_android/project/jni/application/../../obj/local/armeabi conftest.c  >&5
cc1: warning: command line option "-fno-rtti" is valid for C++/ObjC++ but not for C
configure:3884: $? = 0
configure:3891: test -z "$ac_c_werror_flag" || test ! -s conftest.err
configure:3894: $? = 0
configure:3901: test -s conftest
configure:3904: $? = 0
configure:3917: result: yes
configure:3926: checking for inet_ntop
configure:3982: /Users/michi/android/ndk-crystax/build/prebuilt/darwin-x86/arm-eabi-4.4.0/bin/arm-eabi-gcc -o conftest -I/Users/michi/android/ndk-crystax/build/platforms/android-8/arch-arm/usr/include -fpic -mthumb-interwork -ffunction-sections -funwind-tables -fstack-protector -fno-short-enums -D__ARM_ARCH_5__ -D__ARM_ARCH_5T__ -D__ARM_ARCH_5E__ -D__ARM_ARCH_5TE__ -DANDROID -Wno-psabi -march=armv5te -mtune=xscale -msoft-float -fno-exceptions -fno-rtti -mthumb -Os -fomit-frame-pointer -fno-strict-aliasing -finline-limit=64 -Wa,--noexecstack -O2 -DNDEBUG -g  -I/Users/michi/android/sdl_android/project/jni/application/../stlport/stlport -I/Users/michi/android/sdl_android/project/jni/application/../sdl/include -I/Users/michi/android/sdl_android/project/jni/application/../sdl_mixer -I/Users/michi/android/sdl_android/project/jni/application/../sdl_image -I/Users/michi/android/sdl_android/project/jni/application/../sdl_ttf -I/Users/michi/android/sdl_android/project/jni/application/../sdl_net -I/Users/michi/android/sdl_android/project/jni/application/../sdl_blitpool -I/Users/michi/android/sdl_android/project/jni/application/../sdl_gfx -I/Users/michi/android/sdl_android/project/jni/application/../png -I/Users/michi/android/sdl_android/project/jni/application/../jpeg -I/Users/michi/android/sdl_android/project/jni/application/../intl -I/Users/michi/android/sdl_android/project/jni/application/../freetype/include -I/Users/michi/android/sdl_android/project/jni/application/../xml2/include   -nostdlib -Wl,-soname,libapplication.so -Wl,-shared,-Bsymbolic -Wl,--whole-archive  -Wl,--no-whole-archive /Users/michi/android/ndk-crystax/build/prebuilt/darwin-x86/arm-eabi-4.4.0/lib/gcc/arm-eabi/4.4.0/libgcc.a /Users/michi/android/ndk-crystax/build/platforms/android-8/arch-arm/usr/lib/libc.so /Users/michi/android/ndk-crystax/build/platforms/android-8/arch-arm/usr/lib/libm.so -Wl,--no-undefined -Wl,-z,noexecstack -L/Users/michi/android/ndk-crystax/build/platforms/android-8/arch-arm/usr/lib -lGLESv1_CM -ldl -llog -lz -Wl,-rpath-link=/Users/michi/android/ndk-crystax/build/platforms/android-8/arch-arm/usr/lib -L/Users/michi/android/sdl_android/project/jni/application/../../obj/local/armeabi conftest.c  >&5
cc1: warning: command line option "-fno-rtti" is valid for C++/ObjC++ but not for C
configure:3988: $? = 0
configure:3995: test -z "$ac_c_werror_flag" || test ! -s conftest.err
configure:3998: $? = 0
configure:4005: test -s conftest
configure:4008: $? = 0
configure:4021: result: yes
configure:4031: checking for struct msghdr.msg_flags
configure:4060: /Users/michi/android/ndk-crystax/build/prebuilt/darwin-x86/arm-eabi-4.4.0/bin/arm-eabi-gcc -c -I/Users/michi/android/ndk-crystax/build/platforms/android-8/arch-arm/usr/include -fpic -mthumb-interwork -ffunction-sections -funwind-tables -fstack-protector -fno-short-enums -D__ARM_ARCH_5__ -D__ARM_ARCH_5T__ -D__ARM_ARCH_5E__ -D__ARM_ARCH_5TE__ -DANDROID -Wno-psabi -march=armv5te -mtune=xscale -msoft-float -fno-exceptions -fno-rtti -mthumb -Os -fomit-frame-pointer -fno-strict-aliasing -finline-limit=64 -Wa,--noexecstack -O2 -DNDEBUG -g  -I/Users/michi/android/sdl_android/project/jni/application/../stlport/stlport -I/Users/michi/android/sdl_android/project/jni/application/../sdl/include -I/Users/michi/android/sdl_android/project/jni/application/../sdl_mixer -I/Users/michi/android/sdl_android/project/jni/application/../sdl_image -I/Users/michi/android/sdl_android/project/jni/application/../sdl_ttf -I/Users/michi/android/sdl_android/project/jni/application/../sdl_net -I/Users/michi/android/sdl_android/project/jni/application/../sdl_blitpool -I/Users/michi/android/sdl_android/project/jni/application/../sdl_gfx -I/Users/michi/android/sdl_android/project/jni/application/../png -I/Users/michi/android/sdl_android/project/jni/application/../jpeg -I/Users/michi/android/sdl_android/project/jni/application/../intl -I/Users/michi/android/sdl_android/project/jni/application/../freetype/include -I/Users/michi/android/sdl_android/project/jni/application/../xml2/include   conftest.c >&5
cc1: warning: command line option "-fno-rtti" is valid for C++/ObjC++ but not for C
configure:4066: $? = 0
configure:4073: test -z "$ac_c_werror_flag" || test ! -s conftest.err
configure:4076: $? = 0
configure:4083: test -s conftest.o
configure:4086: $? = 0
configure:4158: result: yes
configure:4168: checking for socklen_t
configure:4201: /Users/michi/android/ndk-crystax/build/prebuilt/darwin-x86/arm-eabi-4.4.0/bin/arm-eabi-gcc -c -I/Users/michi/android/ndk-crystax/build/platforms/android-8/arch-arm/usr/include -fpic -mthumb-interwork -ffunction-sections -funwind-tables -fstack-protector -fno-short-enums -D__ARM_ARCH_5__ -D__ARM_ARCH_5T__ -D__ARM_ARCH_5E__ -D__ARM_ARCH_5TE__ -DANDROID -Wno-psabi -march=armv5te -mtune=xscale -msoft-float -fno-exceptions -fno-rtti -mthumb -Os -fomit-frame-pointer -fno-strict-aliasing -finline-limit=64 -Wa,--noexecstack -O2 -DNDEBUG -g  -I/Users/michi/android/sdl_android/project/jni/application/../stlport/stlport -I/Users/michi/android/sdl_android/project/jni/application/../sdl/include -I/Users/michi/android/sdl_android/project/jni/application/../sdl_mixer -I/Users/michi/android/sdl_android/project/jni/application/../sdl_image -I/Users/michi/android/sdl_android/project/jni/application/../sdl_ttf -I/Users/michi/android/sdl_android/project/jni/application/../sdl_net -I/Users/michi/android/sdl_android/project/jni/application/../sdl_blitpool -I/Users/michi/android/sdl_android/project/jni/application/../sdl_gfx -I/Users/michi/android/sdl_android/project/jni/application/../png -I/Users/michi/android/sdl_android/project/jni/application/../jpeg -I/Users/michi/android/sdl_android/project/jni/application/../intl -I/Users/michi/android/sdl_android/project/jni/application/../freetype/include -I/Users/michi/android/sdl_android/project/jni/application/../xml2/include   conftest.c >&5
cc1: warning: command line option "-fno-rtti" is valid for C++/ObjC++ but not for C
configure:4207: $? = 0
configure:4214: test -z "$ac_c_werror_flag" || test ! -s conftest.err
configure:4217: $? = 0
configure:4224: test -s conftest.o
configure:4227: $? = 0
configure:4239: result: yes
configure:4254: checking how to run the C preprocessor
configure:4384: result: /Users/michi/android/ndk-crystax/build/prebuilt/darwin-x86/arm-eabi-4.4.0/bin/arm-eabi-cpp -I/Users/michi/android/ndk-crystax/build/platforms/android-8/arch-arm/usr/include -fpic -mthumb-interwork -ffunction-sections -funwind-tables -fstack-protector -fno-short-enums -D__ARM_ARCH_5__ -D__ARM_ARCH_5T__ -D__ARM_ARCH_5E__ -D__ARM_ARCH_5TE__ -DANDROID -Wno-psabi -march=armv5te -mtune=xscale -msoft-float -fno-exceptions -fno-rtti -mthumb -Os -fomit-frame-pointer -fno-strict-aliasing -finline-limit=64 -Wa,--noexecstack -O2 -DNDEBUG -g  -I/Users/michi/android/sdl_android/project/jni/application/../stlport/stlport -I/Users/michi/android/sdl_android/project/jni/application/../sdl/include -I/Users/michi/android/sdl_android/project/jni/application/../sdl_mixer -I/Users/michi/android/sdl_android/project/jni/application/../sdl_image -I/Users/michi/android/sdl_android/project/jni/application/../sdl_ttf -I/Users/michi/android/sdl_android/project/jni/application/../sdl_net -I/Users/michi/android/sdl_android/project/jni/application/../sdl_blitpool -I/Users/michi/android/sdl_android/project/jni/application/../sdl_gfx -I/Users/michi/android/sdl_android/project/jni/application/../png -I/Users/michi/android/sdl_android/project/jni/application/../jpeg -I/Users/michi/android/sdl_android/project/jni/application/../intl -I/Users/michi/android/sdl_android/project/jni/application/../freetype/include -I/Users/michi/android/sdl_android/project/jni/application/../xml2/include 
configure:4413: /Users/michi/android/ndk-crystax/build/prebuilt/darwin-x86/arm-eabi-4.4.0/bin/arm-eabi-cpp -I/Users/michi/android/ndk-crystax/build/platforms/android-8/arch-arm/usr/include -fpic -mthumb-interwork -ffunction-sections -funwind-tables -fstack-protector -fno-short-enums -D__ARM_ARCH_5__ -D__ARM_ARCH_5T__ -D__ARM_ARCH_5E__ -D__ARM_ARCH_5TE__ -DANDROID -Wno-psabi -march=armv5te -mtune=xscale -msoft-float -fno-exceptions -fno-rtti -mthumb -Os -fomit-frame-pointer -fno-strict-aliasing -finline-limit=64 -Wa,--noexecstack -O2 -DNDEBUG -g  -I/Users/michi/android/sdl_android/project/jni/application/../stlport/stlport -I/Users/michi/android/sdl_android/project/jni/application/../sdl/include -I/Users/michi/android/sdl_android/project/jni/application/../sdl_mixer -I/Users/michi/android/sdl_android/project/jni/application/../sdl_image -I/Users/michi/android/sdl_android/project/jni/application/../sdl_ttf -I/Users/michi/android/sdl_android/project/jni/application/../sdl_net -I/Users/michi/android/sdl_android/project/jni/application/../sdl_blitpool -I/Users/michi/android/sdl_android/project/jni/application/../sdl_gfx -I/Users/michi/android/sdl_android/project/jni/application/../png -I/Users/michi/android/sdl_android/project/jni/application/../jpeg -I/Users/michi/android/sdl_android/project/jni/application/../intl -I/Users/michi/android/sdl_android/project/jni/application/../freetype/include -I/Users/michi/android/sdl_android/project/jni/application/../xml2/include   conftest.c
cc1: warning: command line option "-fno-rtti" is valid for C++/ObjC++ but not for C
configure:4419: $? = 0
configure:4457: /Users/michi/android/ndk-crystax/build/prebuilt/darwin-x86/arm-eabi-4.4.0/bin/arm-eabi-cpp -I/Users/michi/android/ndk-crystax/build/platforms/android-8/arch-arm/usr/include -fpic -mthumb-interwork -ffunction-sections -funwind-tables -fstack-protector -fno-short-enums -D__ARM_ARCH_5__ -D__ARM_ARCH_5T__ -D__ARM_ARCH_5E__ -D__ARM_ARCH_5TE__ -DANDROID -Wno-psabi -march=armv5te -mtune=xscale -msoft-float -fno-exceptions -fno-rtti -mthumb -Os -fomit-frame-pointer -fno-strict-aliasing -finline-limit=64 -Wa,--noexecstack -O2 -DNDEBUG -g  -I/Users/michi/android/sdl_android/project/jni/application/../stlport/stlport -I/Users/michi/android/sdl_android/project/jni/application/../sdl/include -I/Users/michi/android/sdl_android/project/jni/application/../sdl_mixer -I/Users/michi/android/sdl_android/project/jni/application/../sdl_image -I/Users/michi/android/sdl_android/project/jni/application/../sdl_ttf -I/Users/michi/android/sdl_android/project/jni/application/../sdl_net -I/Users/michi/android/sdl_android/project/jni/application/../sdl_blitpool -I/Users/michi/android/sdl_android/project/jni/application/../sdl_gfx -I/Users/michi/android/sdl_android/project/jni/application/../png -I/Users/michi/android/sdl_android/project/jni/application/../jpeg -I/Users/michi/android/sdl_android/project/jni/application/../intl -I/Users/michi/android/sdl_android/project/jni/application/../freetype/include -I/Users/michi/android/sdl_android/project/jni/application/../xml2/include   conftest.c
cc1: warning: command line option "-fno-rtti" is valid for C++/ObjC++ but not for C
conftest.c:17:28: error: ac_nonexistent.h: No such file or directory
configure:4463: $? = 1
configure: failed program was:
| /* confdefs.h.  */
| #define PACKAGE_NAME "libenet"
| #define PACKAGE_TARNAME "libenet"
| #define PACKAGE_VERSION "1.0"
| #define PACKAGE_STRING "libenet 1.0"
| #define PACKAGE_BUGREPORT ""
| #define PACKAGE "libenet.a"
| #define VERSION "1.0"
| #define HAS_GETHOSTBYNAME_R 1
| #define HAS_POLL 1
| #define HAS_FCNTL 1
| #define HAS_INET_PTON 1
| #define HAS_INET_NTOP 1
| #define HAS_MSGHDR_FLAGS 1
| #define HAS_SOCKLEN_T 1
| /* end confdefs.h.  */
| #include <ac_nonexistent.h>
configure:4508: checking for grep that handles long lines and -e
configure:4582: result: /usr/bin/grep
configure:4587: checking for egrep
configure:4665: result: /usr/bin/grep -E
cc1: warning: command line option "-fno-rtti" is valid for C++/ObjC++ but not for C
In file included from conftest.c:17:
/usr/include/sys/socket.h:77:28: error: machine/_param.h: No such file or directory
cc1: warning: command line option "-fno-rtti" is valid for C++/ObjC++ but not for C
conftest.c:17:20: error: socket.h: No such file or directory
configure:4853: creating ./config.status

## ---------------------- ##
## Running config.status. ##
## ---------------------- ##

This file was extended by libenet config.status 1.0, which was
generated by GNU Autoconf 2.60.  Invocation command line was

  CONFIG_FILES    = 
  CONFIG_HEADERS  = 
  CONFIG_LINKS    = 
  CONFIG_COMMANDS = 
  $ ./config.status 

on AuroraBorealis.local

config.status:606: creating Makefile
config.status:606: creating include/Makefile
config.status:606: creating include/enet/Makefile
config.status:791: executing depfiles commands

## ---------------- ##
## Cache variables. ##
## ---------------- ##

ac_cv_c_compiler_gnu=yes
ac_cv_env_CC_set=set
ac_cv_env_CC_value=/Users/michi/android/ndk-crystax/build/prebuilt/darwin-x86/arm-eabi-4.4.0/bin/arm-eabi-gcc
ac_cv_env_CFLAGS_set=set
ac_cv_env_CFLAGS_value='-I/Users/michi/android/ndk-crystax/build/platforms/android-8/arch-arm/usr/include -fpic -mthumb-interwork -ffunction-sections -funwind-tables -fstack-protector -fno-short-enums -D__ARM_ARCH_5__ -D__ARM_ARCH_5T__ -D__ARM_ARCH_5E__ -D__ARM_ARCH_5TE__ -DANDROID -Wno-psabi -march=armv5te -mtune=xscale -msoft-float -fno-exceptions -fno-rtti -mthumb -Os -fomit-frame-pointer -fno-strict-aliasing -finline-limit=64 -Wa,--noexecstack -O2 -DNDEBUG -g  -I/Users/michi/android/sdl_android/project/jni/application/../stlport/stlport -I/Users/michi/android/sdl_android/project/jni/application/../sdl/include -I/Users/michi/android/sdl_android/project/jni/application/../sdl_mixer -I/Users/michi/android/sdl_android/project/jni/application/../sdl_image -I/Users/michi/android/sdl_android/project/jni/application/../sdl_ttf -I/Users/michi/android/sdl_android/project/jni/application/../sdl_net -I/Users/michi/android/sdl_android/project/jni/application/../sdl_blitpool -I/Users/michi/android/sdl_android/project/jni/application/../sdl_gfx -I/Users/michi/android/sdl_android/project/jni/application/../png -I/Users/michi/android/sdl_android/project/jni/application/../jpeg -I/Users/michi/android/sdl_android/project/jni/application/../intl -I/Users/michi/android/sdl_android/project/jni/application/../freetype/include -I/Users/michi/android/sdl_android/project/jni/application/../xml2/include '
ac_cv_env_CPPFLAGS_set=
ac_cv_env_CPPFLAGS_value=
ac_cv_env_CPP_set=set
ac_cv_env_CPP_value='/Users/michi/android/ndk-crystax/build/prebuilt/darwin-x86/arm-eabi-4.4.0/bin/arm-eabi-cpp -I/Users/michi/android/ndk-crystax/build/platforms/android-8/arch-arm/usr/include -fpic -mthumb-interwork -ffunction-sections -funwind-tables -fstack-protector -fno-short-enums -D__ARM_ARCH_5__ -D__ARM_ARCH_5T__ -D__ARM_ARCH_5E__ -D__ARM_ARCH_5TE__ -DANDROID -Wno-psabi -march=armv5te -mtune=xscale -msoft-float -fno-exceptions -fno-rtti -mthumb -Os -fomit-frame-pointer -fno-strict-aliasing -finline-limit=64 -Wa,--noexecstack -O2 -DNDEBUG -g  -I/Users/michi/android/sdl_android/project/jni/application/../stlport/stlport -I/Users/michi/android/sdl_android/project/jni/application/../sdl/include -I/Users/michi/android/sdl_android/project/jni/application/../sdl_mixer -I/Users/michi/android/sdl_android/project/jni/application/../sdl_image -I/Users/michi/android/sdl_android/project/jni/application/../sdl_ttf -I/Users/michi/android/sdl_android/project/jni/application/../sdl_net -I/Users/michi/android/sdl_android/project/jni/application/../sdl_blitpool -I/Users/michi/android/sdl_android/project/jni/application/../sdl_gfx -I/Users/michi/android/sdl_android/project/jni/application/../png -I/Users/michi/android/sdl_android/project/jni/application/../jpeg -I/Users/michi/android/sdl_android/project/jni/application/../intl -I/Users/michi/android/sdl_android/project/jni/application/../freetype/include -I/Users/michi/android/sdl_android/project/jni/application/../xml2/include '
ac_cv_env_LDFLAGS_set=set
ac_cv_env_LDFLAGS_value='-nostdlib -Wl,-soname,libapplication.so -Wl,-shared,-Bsymbolic -Wl,--whole-archive  -Wl,--no-whole-archive /Users/michi/android/ndk-crystax/build/prebuilt/darwin-x86/arm-eabi-4.4.0/lib/gcc/arm-eabi/4.4.0/libgcc.a /Users/michi/android/ndk-crystax/build/platforms/android-8/arch-arm/usr/lib/libc.so /Users/michi/android/ndk-crystax/build/platforms/android-8/arch-arm/usr/lib/libm.so -Wl,--no-undefined -Wl,-z,noexecstack -L/Users/michi/android/ndk-crystax/build/platforms/android-8/arch-arm/usr/lib -lGLESv1_CM -ldl -llog -lz -Wl,-rpath-link=/Users/michi/android/ndk-crystax/build/platforms/android-8/arch-arm/usr/lib -L/Users/michi/android/sdl_android/project/jni/application/../../obj/local/armeabi'
ac_cv_env_build_alias_set=
ac_cv_env_build_alias_value=
ac_cv_env_host_alias_set=set
ac_cv_env_host_alias_value=arm-eabi
ac_cv_env_target_alias_set=
ac_cv_env_target_alias_value=
ac_cv_func_fcntl=yes
ac_cv_func_gethostbyaddr_r=no
ac_cv_func_gethostbyname_r=yes
ac_cv_func_inet_ntop=yes
ac_cv_func_inet_pton=yes
ac_cv_func_poll=yes
ac_cv_member_struct_msghdr_msg_flags=yes
ac_cv_objext=o
ac_cv_path_EGREP='/usr/bin/grep -E'
ac_cv_path_GREP=/usr/bin/grep
ac_cv_path_install='/usr/bin/install -c'
ac_cv_prog_AWK=gawk
ac_cv_prog_CC=/Users/michi/android/ndk-crystax/build/prebuilt/darwin-x86/arm-eabi-4.4.0/bin/arm-eabi-gcc
ac_cv_prog_CPP='/Users/michi/android/ndk-crystax/build/prebuilt/darwin-x86/arm-eabi-4.4.0/bin/arm-eabi-cpp -I/Users/michi/android/ndk-crystax/build/platforms/android-8/arch-arm/usr/include -fpic -mthumb-interwork -ffunction-sections -funwind-tables -fstack-protector -fno-short-enums -D__ARM_ARCH_5__ -D__ARM_ARCH_5T__ -D__ARM_ARCH_5E__ -D__ARM_ARCH_5TE__ -DANDROID -Wno-psabi -march=armv5te -mtune=xscale -msoft-float -fno-exceptions -fno-rtti -mthumb -Os -fomit-frame-pointer -fno-strict-aliasing -finline-limit=64 -Wa,--noexecstack -O2 -DNDEBUG -g  -I/Users/michi/android/sdl_android/project/jni/application/../stlport/stlport -I/Users/michi/android/sdl_android/project/jni/application/../sdl/include -I/Users/michi/android/sdl_android/project/jni/application/../sdl_mixer -I/Users/michi/android/sdl_android/project/jni/application/../sdl_image -I/Users/michi/android/sdl_android/project/jni/application/../sdl_ttf -I/Users/michi/android/sdl_android/project/jni/application/../sdl_net -I/Users/michi/android/sdl_android/project/jni/application/../sdl_blitpool -I/Users/michi/android/sdl_android/project/jni/application/../sdl_gfx -I/Users/michi/android/sdl_android/project/jni/application/../png -I/Users/michi/android/sdl_android/project/jni/application/../jpeg -I/Users/michi/android/sdl_android/project/jni/application/../intl -I/Users/michi/android/sdl_android/project/jni/application/../freetype/include -I/Users/michi/android/sdl_android/project/jni/application/../xml2/include '
ac_cv_prog_RANLIB=/Users/michi/android/ndk-crystax/build/prebuilt/darwin-x86/arm-eabi-4.4.0/bin/arm-eabi-ranlib
ac_cv_prog_STRIP=/Users/michi/android/ndk-crystax/build/prebuilt/darwin-x86/arm-eabi-4.4.0/bin/arm-eabi-strip
ac_cv_prog_cc_c89=
ac_cv_prog_cc_g=yes
ac_cv_prog_make_make_set=yes
ac_cv_type_socklen_t=yes
am_cv_CC_dependencies_compiler_type=gcc3

## ----------------- ##
## Output variables. ##
## ----------------- ##

ACLOCAL='${SHELL} /Users/michi/android/sdl_android/project/jni/application/enigma/lib-src/enet/missing --run aclocal-1.9'
AMDEPBACKSLASH='\'
AMDEP_FALSE='#'
AMDEP_TRUE=''
AMTAR='${SHELL} /Users/michi/android/sdl_android/project/jni/application/enigma/lib-src/enet/missing --run tar'
AUTOCONF='${SHELL} /Users/michi/android/sdl_android/project/jni/application/enigma/lib-src/enet/missing --run autoconf'
AUTOHEADER='${SHELL} /Users/michi/android/sdl_android/project/jni/application/enigma/lib-src/enet/missing --run autoheader'
AUTOMAKE='${SHELL} /Users/michi/android/sdl_android/project/jni/application/enigma/lib-src/enet/missing --run automake-1.9'
AWK='gawk'
CC='/Users/michi/android/ndk-crystax/build/prebuilt/darwin-x86/arm-eabi-4.4.0/bin/arm-eabi-gcc'
CCDEPMODE='depmode=gcc3'
CFLAGS='-I/Users/michi/android/ndk-crystax/build/platforms/android-8/arch-arm/usr/include -fpic -mthumb-interwork -ffunction-sections -funwind-tables -fstack-protector -fno-short-enums -D__ARM_ARCH_5__ -D__ARM_ARCH_5T__ -D__ARM_ARCH_5E__ -D__ARM_ARCH_5TE__ -DANDROID -Wno-psabi -march=armv5te -mtune=xscale -msoft-float -fno-exceptions -fno-rtti -mthumb -Os -fomit-frame-pointer -fno-strict-aliasing -finline-limit=64 -Wa,--noexecstack -O2 -DNDEBUG -g  -I/Users/michi/android/sdl_android/project/jni/application/../stlport/stlport -I/Users/michi/android/sdl_android/project/jni/application/../sdl/include -I/Users/michi/android/sdl_android/project/jni/application/../sdl_mixer -I/Users/michi/android/sdl_android/project/jni/application/../sdl_image -I/Users/michi/android/sdl_android/project/jni/application/../sdl_ttf -I/Users/michi/android/sdl_android/project/jni/application/../sdl_net -I/Users/michi/android/sdl_android/project/jni/application/../sdl_blitpool -I/Users/michi/android/sdl_android/project/jni/application/../sdl_gfx -I/Users/michi/android/sdl_android/project/jni/application/../png -I/Users/michi/android/sdl_android/project/jni/application/../jpeg -I/Users/michi/android/sdl_android/project/jni/application/../intl -I/Users/michi/android/sdl_android/project/jni/application/../freetype/include -I/Users/michi/android/sdl_android/project/jni/application/../xml2/include '
CPP='/Users/michi/android/ndk-crystax/build/prebuilt/darwin-x86/arm-eabi-4.4.0/bin/arm-eabi-cpp -I/Users/michi/android/ndk-crystax/build/platforms/android-8/arch-arm/usr/include -fpic -mthumb-interwork -ffunction-sections -funwind-tables -fstack-protector -fno-short-enums -D__ARM_ARCH_5__ -D__ARM_ARCH_5T__ -D__ARM_ARCH_5E__ -D__ARM_ARCH_5TE__ -DANDROID -Wno-psabi -march=armv5te -mtune=xscale -msoft-float -fno-exceptions -fno-rtti -mthumb -Os -fomit-frame-pointer -fno-strict-aliasing -finline-limit=64 -Wa,--noexecstack -O2 -DNDEBUG -g  -I/Users/michi/android/sdl_android/project/jni/application/../stlport/stlport -I/Users/michi/android/sdl_android/project/jni/application/../sdl/include -I/Users/michi/android/sdl_android/project/jni/application/../sdl_mixer -I/Users/michi/android/sdl_android/project/jni/application/../sdl_image -I/Users/michi/android/sdl_android/project/jni/application/../sdl_ttf -I/Users/michi/android/sdl_android/project/jni/application/../sdl_net -I/Users/michi/android/sdl_android/project/jni/application/../sdl_blitpool -I/Users/michi/android/sdl_android/project/jni/application/../sdl_gfx -I/Users/michi/android/sdl_android/project/jni/application/../png -I/Users/michi/android/sdl_android/project/jni/application/../jpeg -I/Users/michi/android/sdl_android/project/jni/application/../intl -I/Users/michi/android/sdl_android/project/jni/application/../freetype/include -I/Users/michi/android/sdl_android/project/jni/application/../xml2/include '
CPPFLAGS=''
CYGPATH_W='echo'
DEFS='-DPACKAGE_NAME=\"libenet\" -DPACKAGE_TARNAME=\"libenet\" -DPACKAGE_VERSION=\"1.0\" -DPACKAGE_STRING=\"libenet\ 1.0\" -DPACKAGE_BUGREPORT=\"\" -DPACKAGE=\"libenet.a\" -DVERSION=\"1.0\" -DHAS_GETHOSTBYNAME_R=1 -DHAS_POLL=1 -DHAS_FCNTL=1 -DHAS_INET_PTON=1 -DHAS_INET_NTOP=1 -DHAS_MSGHDR_FLAGS=1 -DHAS_SOCKLEN_T=1'
DEPDIR='.deps'
ECHO_C='ECHO_N=''
ECHO_T=''
EGREP='/usr/bin/grep -E'
EXEEXT=''
GREP='/usr/bin/grep'
INSTALL_DATA='${INSTALL} -m 644'
INSTALL_PROGRAM='${INSTALL}'
INSTALL_SCRIPT='${INSTALL}'
INSTALL_STRIP_PROGRAM='${SHELL} $(install_sh) -c -s'
LDFLAGS='-nostdlib -Wl,-soname,libapplication.so -Wl,-shared,-Bsymbolic -Wl,--whole-archive  -Wl,--no-whole-archive /Users/michi/android/ndk-crystax/build/prebuilt/darwin-x86/arm-eabi-4.4.0/lib/gcc/arm-eabi/4.4.0/libgcc.a /Users/michi/android/ndk-crystax/build/platforms/android-8/arch-arm/usr/lib/libc.so /Users/michi/android/ndk-crystax/build/platforms/android-8/arch-arm/usr/lib/libm.so -Wl,--no-undefined -Wl,-z,noexecstack -L/Users/michi/android/ndk-crystax/build/platforms/android-8/arch-arm/usr/lib -lGLESv1_CM -ldl -llog -lz -Wl,-rpath-link=/Users/michi/android/ndk-crystax/build/platforms/android-8/arch-arm/usr/lib -L/Users/michi/android/sdl_android/project/jni/application/../../obj/local/armeabi'
LIBOBJS=''
LIBS=''
LTLIBOBJS=''
MAKEINFO='${SHELL} /Users/michi/android/sdl_android/project/jni/application/enigma/lib-src/enet/missing --run makeinfo'
OBJEXT='o'
PACKAGE='libenet.a'
PACKAGE_BUGREPORT=''
PACKAGE_NAME='libenet'
PACKAGE_STRING='libenet 1.0'
PACKAGE_TARNAME='libenet'
PACKAGE_VERSION='1.0'
PATH_SEPARATOR=':'
RANLIB='/Users/michi/android/ndk-crystax/build/prebuilt/darwin-x86/arm-eabi-4.4.0/bin/arm-eabi-ranlib'
SET_MAKE=''
SHELL='/bin/sh'
STRIP='/Users/michi/android/ndk-crystax/build/prebuilt/darwin-x86/arm-eabi-4.4.0/bin/arm-eabi-strip'
VERSION='1.0'
ac_ct_CC=''
am__fastdepCC_FALSE='#'
am__fastdepCC_TRUE=''
am__include='include'
am__leading_dot='.'
am__quote=''
am__tar='${AMTAR} chof - "$$tardir"'
am__untar='${AMTAR} xf -'
bindir='${exec_prefix}/bin'
build_alias=''
datadir='${datarootdir}'
datarootdir='${prefix}/share'
docdir='${datarootdir}/doc/${PACKAGE_TARNAME}'
dvidir='${docdir}'
exec_prefix='${prefix}'
host_alias='arm-eabi'
htmldir='${docdir}'
includedir='${prefix}/include'
infodir='${datarootdir}/info'
install_sh='/Users/michi/android/sdl_android/project/jni/application/enigma/lib-src/enet/install-sh'
libdir='${exec_prefix}/lib'
libexecdir='${exec_prefix}/libexec'
localedir='${datarootdir}/locale'
localstatedir='${prefix}/var'
mandir='${datarootdir}/man'
mkdir_p='$(install_sh) -d'
oldincludedir='/usr/include'
pdfdir='${docdir}'
prefix='/usr/local'
program_transform_name='s,x,x,'
psdir='${docdir}'
sbindir='${exec_prefix}/sbin'
sharedstatedir='${prefix}/com'
sysconfdir='${prefix}/etc'
target_alias=''

## ----------- ##
## confdefs.h. ##
## ----------- ##

#define PACKAGE_NAME "libenet"
#define PACKAGE_TARNAME "libenet"
#define PACKAGE_VERSION "1.0"
#define PACKAGE_STRING "libenet 1.0"
#define PACKAGE_BUGREPORT ""
#define PACKAGE "libenet.a"
#define VERSION "1.0"
#define HAS_GETHOSTBYNAME_R 1
#define HAS_POLL 1
#define HAS_FCNTL 1
#define HAS_INET_PTON 1
#define HAS_INET_NTOP 1
#define HAS_MSGHDR_FLAGS 1
#define HAS_SOCKLEN_T 1

configure: exit 0
