This file contains any messages produced by compilers while
running configure, to aid debugging if configure makes a mistake.

It was created by configure, which was
generated by GNU Autoconf 2.59.  Invocation command line was

  $ ./configure --prefix=/usr/local --host=arm-eabi --disable-install CC=/Users/michi/android/ndk-crystax/build/prebuilt/darwin-x86/arm-eabi-4.4.0/bin/arm-eabi-gcc CFLAGS=-I/Users/michi/android/ndk-crystax/build/platforms/android-8/arch-arm/usr/include -fpic -mthumb-interwork -ffunction-sections -funwind-tables -fstack-protector -fno-short-enums -D__ARM_ARCH_5__ -D__ARM_ARCH_5T__ -D__ARM_ARCH_5E__ -D__ARM_ARCH_5TE__ -DANDROID -Wno-psabi -march=armv5te -mtune=xscale -msoft-float -mthumb -Os -fomit-frame-pointer -fno-strict-aliasing -finline-limit=64 -Wa,--noexecstack -O2 -DNDEBUG -g -I/Users/michi/android/sdl/project/jni/application/../sdl/include -I/Users/michi/android/sdl/project/jni/application/../sdl_mixer -I/Users/michi/android/sdl/project/jni/application/../sdl_image -I/Users/michi/android/sdl/project/jni/application/../sdl_ttf -I/Users/michi/android/sdl/project/jni/application/../sdl_net -I/Users/michi/android/sdl/project/jni/application/../sdl_blitpool -I/Users/michi/android/sdl/project/jni/application/../sdl_gfx -I/Users/michi/android/sdl/project/jni/application/../png -I/Users/michi/android/sdl/project/jni/application/../jpeg -I/Users/michi/android/sdl/project/jni/application/../intl -I/Users/michi/android/sdl/project/jni/application/../freetype/include  CPP=/Users/michi/android/ndk-crystax/build/prebuilt/darwin-x86/arm-eabi-4.4.0/bin/arm-eabi-cpp -I/Users/michi/android/ndk-crystax/build/platforms/android-8/arch-arm/usr/include -fpic -mthumb-interwork -ffunction-sections -funwind-tables -fstack-protector -fno-short-enums -D__ARM_ARCH_5__ -D__ARM_ARCH_5T__ -D__ARM_ARCH_5E__ -D__ARM_ARCH_5TE__ -DANDROID -Wno-psabi -march=armv5te -mtune=xscale -msoft-float -mthumb -Os -fomit-frame-pointer -fno-strict-aliasing -finline-limit=64 -Wa,--noexecstack -O2 -DNDEBUG -g -I/Users/michi/android/sdl/project/jni/application/../sdl/include -I/Users/michi/android/sdl/project/jni/application/../sdl_mixer -I/Users/michi/android/sdl/project/jni/application/../sdl_image -I/Users/michi/android/sdl/project/jni/application/../sdl_ttf -I/Users/michi/android/sdl/project/jni/application/../sdl_net -I/Users/michi/android/sdl/project/jni/application/../sdl_blitpool -I/Users/michi/android/sdl/project/jni/application/../sdl_gfx -I/Users/michi/android/sdl/project/jni/application/../png -I/Users/michi/android/sdl/project/jni/application/../jpeg -I/Users/michi/android/sdl/project/jni/application/../intl -I/Users/michi/android/sdl/project/jni/application/../freetype/include  CXXFLAGS=-I/Users/michi/android/ndk-crystax/build/platforms/android-8/arch-arm/usr/include -fpic -mthumb-interwork -ffunction-sections -funwind-tables -fstack-protector -fno-short-enums -D__ARM_ARCH_5__ -D__ARM_ARCH_5T__ -D__ARM_ARCH_5E__ -D__ARM_ARCH_5TE__ -DANDROID -Wno-psabi -march=armv5te -mtune=xscale -msoft-float -mthumb -Os -fomit-frame-pointer -fno-strict-aliasing -finline-limit=64 -Wa,--noexecstack -O2 -DNDEBUG -g -I/Users/michi/android/sdl/project/jni/application/../sdl/include -I/Users/michi/android/sdl/project/jni/application/../sdl_mixer -I/Users/michi/android/sdl/project/jni/application/../sdl_image -I/Users/michi/android/sdl/project/jni/application/../sdl_ttf -I/Users/michi/android/sdl/project/jni/application/../sdl_net -I/Users/michi/android/sdl/project/jni/application/../sdl_blitpool -I/Users/michi/android/sdl/project/jni/application/../sdl_gfx -I/Users/michi/android/sdl/project/jni/application/../png -I/Users/michi/android/sdl/project/jni/application/../jpeg -I/Users/michi/android/sdl/project/jni/application/../intl -I/Users/michi/android/sdl/project/jni/application/../freetype/include  CXX=/Users/michi/android/ndk-crystax/build/prebuilt/darwin-x86/arm-eabi-4.4.0/bin/arm-eabi-g++ LDFLAGS=-nostdlib -Wl,-soname,libapplication.so -Wl,-shared,-Bsymbolic -Wl,--whole-archive -Wl,--no-whole-archive /Users/michi/android/ndk-crystax/build/prebuilt/darwin-x86/arm-eabi-4.4.0/lib/gcc/arm-eabi/4.4.0/libgcc.a /Users/michi/android/sdl/project/jni/application/../../obj/local/armeabi/libsdl.so /Users/michi/android/sdl/project/jni/application/../../obj/local/armeabi/libsdl_image.so /Users/michi/android/sdl/project/jni/application/../../obj/local/armeabi/libsdl_mixer.so /Users/michi/android/sdl/project/jni/application/../../obj/local/armeabi/libsdl_ttf.so /Users/michi/android/ndk-crystax/build/platforms/android-8/arch-arm/usr/lib/libc.so /Users/michi/android/ndk-crystax/build/platforms/android-8/arch-arm/usr/lib/libm.so -Wl,-z,noexecstack -L/Users/michi/android/ndk-crystax/build/platforms/android-8/arch-arm/usr/lib /Users/michi/android/ndk-crystax/build/prebuilt/darwin-x86/arm-eabi-4.4.0/arm-eabi/lib/libstdc++.a /Users/michi/android/ndk-crystax/build/prebuilt/darwin-x86/arm-eabi-4.4.0/arm-eabi/lib/libsupc++.a -lGLESv1_CM -ldl -llog -lz -Wl,-rpath-link=/Users/michi/android/ndk-crystax/build/platforms/android-8/arch-arm/usr/lib -L/Users/michi/android/sdl/project/jni/application/../../obj/local/armeabi host_alias=arm-eabi --cache-file=/dev/null --srcdir=.

## --------- ##
## Platform. ##
## --------- ##

hostname = AuroraBorealis.local
uname -m = i386
uname -r = 9.8.0
uname -s = Darwin
uname -v = Darwin Kernel Version 9.8.0: Wed Jul 15 16:55:01 PDT 2009; root:xnu-1228.15.4~1/RELEASE_I386

/usr/bin/uname -p = i386
/bin/uname -X     = unknown

/bin/arch              = unknown
/usr/bin/arch -k       = unknown
/usr/convex/getsysinfo = unknown
hostinfo               = Mach kernel version:
	 Darwin Kernel Version 9.8.0: Wed Jul 15 16:55:01 PDT 2009; root:xnu-1228.15.4~1/RELEASE_I386
Kernel configured for up to 2 processors.
2 processors are physically available.
2 processors are logically available.
Processor type: i486 (Intel 80486)
Processors active: 0 1
Primary memory available: 2.00 gigabytes
Default processor set: 152 tasks, 513 threads, 2 processors
Load average: 1.85, Mach factor: 0.46
/bin/machine           = unknown
/usr/bin/oslevel       = unknown
/bin/universe          = unknown

PATH: NONE/bin
PATH: NONE/usr/bin
PATH: /Users/michi/android/ndk-crystax/build/prebuilt/darwin-x86/arm-eabi-4.4.0/bin
PATH: /Users/michi/android/sdl/project/jni/application
PATH: /opt/local/bin
PATH: /opt/local/sbin
PATH: /usr/bin
PATH: /bin
PATH: /usr/sbin
PATH: /sbin
PATH: /usr/local/bin
PATH: /usr/texbin
PATH: /usr/X11/bin
PATH: /Users/michi/android/ndk-crystax/
PATH: /Users/michi/android/tools/


## ----------- ##
## Core tests. ##
## ----------- ##

configure:1355: checking for a BSD-compatible install
configure:1410: result: /usr/bin/install -c
configure:1421: checking whether build environment is sane
configure:1464: result: yes
configure:1497: checking for gawk
configure:1513: found /opt/local/bin/gawk
configure:1523: result: gawk
configure:1533: checking whether make sets $(MAKE)
configure:1553: result: yes
configure:1632: checking for arm-eabi-strip
configure:1658: result: /Users/michi/android/ndk-crystax/build/prebuilt/darwin-x86/arm-eabi-4.4.0/bin/arm-eabi-strip
configure:1758: checking for arm-eabi-g++
configure:1784: result: /Users/michi/android/ndk-crystax/build/prebuilt/darwin-x86/arm-eabi-4.4.0/bin/arm-eabi-g++
configure:1842: checking for C++ compiler version
configure:1845: /Users/michi/android/ndk-crystax/build/prebuilt/darwin-x86/arm-eabi-4.4.0/bin/arm-eabi-g++ --version </dev/null >&5
arm-eabi-g++ (GCC) 4.4.0
Copyright (C) 2009 Free Software Foundation, Inc.
This is free software; see the source for copying conditions.  There is NO
warranty; not even for MERCHANTABILITY or FITNESS FOR A PARTICULAR PURPOSE.

configure:1848: $? = 0
configure:1850: /Users/michi/android/ndk-crystax/build/prebuilt/darwin-x86/arm-eabi-4.4.0/bin/arm-eabi-g++ -v </dev/null >&5
Using built-in specs.
Target: arm-eabi
Configured with: /tmp/ndk-toolchain-ivYmmi/src/build/../gcc/gcc-4.4.0/configure --prefix=/tmp/ndk-prebuilt-1099/build/prebuilt/darwin-x86/arm-eabi-4.4.0 --target=arm-eabi --host=i386-apple-darwin9.8.0 --build=i386-apple-darwin9.8.0 --enable-languages=c,c++ --with-gmp=/tmp/ndk-toolchain-ivYmmi/toolchain-arm-eabi-4.4.0/temp-install --with-mpfr=/tmp/ndk-toolchain-ivYmmi/toolchain-arm-eabi-4.4.0/temp-install --disable-libssp --enable-threads --disable-nls --disable-libmudflap --disable-libgomp --disable-libstdc__-v3 --disable-sjlj-exceptions --disable-shared --disable-tls --with-float=soft --with-fpu=vfp --with-arch=armv5te --enable-target-optspace --with-abi=aapcs --disable-nls --prefix=/tmp/ndk-prebuilt-1099/build/prebuilt/darwin-x86/arm-eabi-4.4.0 --with-sysroot=/opt/android/android-ndk-r4-crystax/build/platforms/android-3/arch-arm --enable-libstdc__-v3 --enable-threads=posix --with-binutils-version=2.19 --with-gcc-version=4.4.0 --with-gdb-version=6.6 --program-transform-name='s&^&arm-eabi-&'
Thread model: posix
gcc version 4.4.0 (GCC) 
configure:1853: $? = 0
configure:1855: /Users/michi/android/ndk-crystax/build/prebuilt/darwin-x86/arm-eabi-4.4.0/bin/arm-eabi-g++ -V </dev/null >&5
arm-eabi-g++: '-V' option must have argument
configure:1858: $? = 1
configure:1881: checking for C++ compiler default output file name
configure:1884: /Users/michi/android/ndk-crystax/build/prebuilt/darwin-x86/arm-eabi-4.4.0/bin/arm-eabi-g++ -I/Users/michi/android/ndk-crystax/build/platforms/android-8/arch-arm/usr/include -fpic -mthumb-interwork -ffunction-sections -funwind-tables -fstack-protector -fno-short-enums -D__ARM_ARCH_5__ -D__ARM_ARCH_5T__ -D__ARM_ARCH_5E__ -D__ARM_ARCH_5TE__ -DANDROID -Wno-psabi -march=armv5te -mtune=xscale -msoft-float -mthumb -Os -fomit-frame-pointer -fno-strict-aliasing -finline-limit=64 -Wa,--noexecstack -O2 -DNDEBUG -g -I/Users/michi/android/sdl/project/jni/application/../sdl/include -I/Users/michi/android/sdl/project/jni/application/../sdl_mixer -I/Users/michi/android/sdl/project/jni/application/../sdl_image -I/Users/michi/android/sdl/project/jni/application/../sdl_ttf -I/Users/michi/android/sdl/project/jni/application/../sdl_net -I/Users/michi/android/sdl/project/jni/application/../sdl_blitpool -I/Users/michi/android/sdl/project/jni/application/../sdl_gfx -I/Users/michi/android/sdl/project/jni/application/../png -I/Users/michi/android/sdl/project/jni/application/../jpeg -I/Users/michi/android/sdl/project/jni/application/../intl -I/Users/michi/android/sdl/project/jni/application/../freetype/include   -nostdlib -Wl,-soname,libapplication.so -Wl,-shared,-Bsymbolic -Wl,--whole-archive -Wl,--no-whole-archive /Users/michi/android/ndk-crystax/build/prebuilt/darwin-x86/arm-eabi-4.4.0/lib/gcc/arm-eabi/4.4.0/libgcc.a /Users/michi/android/sdl/project/jni/application/../../obj/local/armeabi/libsdl.so /Users/michi/android/sdl/project/jni/application/../../obj/local/armeabi/libsdl_image.so /Users/michi/android/sdl/project/jni/application/../../obj/local/armeabi/libsdl_mixer.so /Users/michi/android/sdl/project/jni/application/../../obj/local/armeabi/libsdl_ttf.so /Users/michi/android/ndk-crystax/build/platforms/android-8/arch-arm/usr/lib/libc.so /Users/michi/android/ndk-crystax/build/platforms/android-8/arch-arm/usr/lib/libm.so -Wl,-z,noexecstack -L/Users/michi/android/ndk-crystax/build/platforms/android-8/arch-arm/usr/lib /Users/michi/android/ndk-crystax/build/prebuilt/darwin-x86/arm-eabi-4.4.0/arm-eabi/lib/libstdc++.a /Users/michi/android/ndk-crystax/build/prebuilt/darwin-x86/arm-eabi-4.4.0/arm-eabi/lib/libsupc++.a -lGLESv1_CM -ldl -llog -lz -Wl,-rpath-link=/Users/michi/android/ndk-crystax/build/platforms/android-8/arch-arm/usr/lib -L/Users/michi/android/sdl/project/jni/application/../../obj/local/armeabi conftest.cc  >&5
configure:1887: $? = 0
configure:1933: result: a.out
configure:1938: checking whether the C++ compiler works
configure:1944: ./a.out
./configure: line 1945: ./a.out: cannot execute binary file
configure:1947: $? = 126
configure:1964: result: yes
configure:1971: checking whether we are cross compiling
configure:1973: result: yes
configure:1976: checking for suffix of executables
configure:1978: /Users/michi/android/ndk-crystax/build/prebuilt/darwin-x86/arm-eabi-4.4.0/bin/arm-eabi-g++ -o conftest -I/Users/michi/android/ndk-crystax/build/platforms/android-8/arch-arm/usr/include -fpic -mthumb-interwork -ffunction-sections -funwind-tables -fstack-protector -fno-short-enums -D__ARM_ARCH_5__ -D__ARM_ARCH_5T__ -D__ARM_ARCH_5E__ -D__ARM_ARCH_5TE__ -DANDROID -Wno-psabi -march=armv5te -mtune=xscale -msoft-float -mthumb -Os -fomit-frame-pointer -fno-strict-aliasing -finline-limit=64 -Wa,--noexecstack -O2 -DNDEBUG -g -I/Users/michi/android/sdl/project/jni/application/../sdl/include -I/Users/michi/android/sdl/project/jni/application/../sdl_mixer -I/Users/michi/android/sdl/project/jni/application/../sdl_image -I/Users/michi/android/sdl/project/jni/application/../sdl_ttf -I/Users/michi/android/sdl/project/jni/application/../sdl_net -I/Users/michi/android/sdl/project/jni/application/../sdl_blitpool -I/Users/michi/android/sdl/project/jni/application/../sdl_gfx -I/Users/michi/android/sdl/project/jni/application/../png -I/Users/michi/android/sdl/project/jni/application/../jpeg -I/Users/michi/android/sdl/project/jni/application/../intl -I/Users/michi/android/sdl/project/jni/application/../freetype/include   -nostdlib -Wl,-soname,libapplication.so -Wl,-shared,-Bsymbolic -Wl,--whole-archive -Wl,--no-whole-archive /Users/michi/android/ndk-crystax/build/prebuilt/darwin-x86/arm-eabi-4.4.0/lib/gcc/arm-eabi/4.4.0/libgcc.a /Users/michi/android/sdl/project/jni/application/../../obj/local/armeabi/libsdl.so /Users/michi/android/sdl/project/jni/application/../../obj/local/armeabi/libsdl_image.so /Users/michi/android/sdl/project/jni/application/../../obj/local/armeabi/libsdl_mixer.so /Users/michi/android/sdl/project/jni/application/../../obj/local/armeabi/libsdl_ttf.so /Users/michi/android/ndk-crystax/build/platforms/android-8/arch-arm/usr/lib/libc.so /Users/michi/android/ndk-crystax/build/platforms/android-8/arch-arm/usr/lib/libm.so -Wl,-z,noexecstack -L/Users/michi/android/ndk-crystax/build/platforms/android-8/arch-arm/usr/lib /Users/michi/android/ndk-crystax/build/prebuilt/darwin-x86/arm-eabi-4.4.0/arm-eabi/lib/libstdc++.a /Users/michi/android/ndk-crystax/build/prebuilt/darwin-x86/arm-eabi-4.4.0/arm-eabi/lib/libsupc++.a -lGLESv1_CM -ldl -llog -lz -Wl,-rpath-link=/Users/michi/android/ndk-crystax/build/platforms/android-8/arch-arm/usr/lib -L/Users/michi/android/sdl/project/jni/application/../../obj/local/armeabi conftest.cc  >&5
configure:1981: $? = 0
configure:2006: result: 
configure:2012: checking for suffix of object files
configure:2033: /Users/michi/android/ndk-crystax/build/prebuilt/darwin-x86/arm-eabi-4.4.0/bin/arm-eabi-g++ -c -I/Users/michi/android/ndk-crystax/build/platforms/android-8/arch-arm/usr/include -fpic -mthumb-interwork -ffunction-sections -funwind-tables -fstack-protector -fno-short-enums -D__ARM_ARCH_5__ -D__ARM_ARCH_5T__ -D__ARM_ARCH_5E__ -D__ARM_ARCH_5TE__ -DANDROID -Wno-psabi -march=armv5te -mtune=xscale -msoft-float -mthumb -Os -fomit-frame-pointer -fno-strict-aliasing -finline-limit=64 -Wa,--noexecstack -O2 -DNDEBUG -g -I/Users/michi/android/sdl/project/jni/application/../sdl/include -I/Users/michi/android/sdl/project/jni/application/../sdl_mixer -I/Users/michi/android/sdl/project/jni/application/../sdl_image -I/Users/michi/android/sdl/project/jni/application/../sdl_ttf -I/Users/michi/android/sdl/project/jni/application/../sdl_net -I/Users/michi/android/sdl/project/jni/application/../sdl_blitpool -I/Users/michi/android/sdl/project/jni/application/../sdl_gfx -I/Users/michi/android/sdl/project/jni/application/../png -I/Users/michi/android/sdl/project/jni/application/../jpeg -I/Users/michi/android/sdl/project/jni/application/../intl -I/Users/michi/android/sdl/project/jni/application/../freetype/include   conftest.cc >&5
configure:2036: $? = 0
configure:2058: result: o
configure:2062: checking whether we are using the GNU C++ compiler
configure:2086: /Users/michi/android/ndk-crystax/build/prebuilt/darwin-x86/arm-eabi-4.4.0/bin/arm-eabi-g++ -c -I/Users/michi/android/ndk-crystax/build/platforms/android-8/arch-arm/usr/include -fpic -mthumb-interwork -ffunction-sections -funwind-tables -fstack-protector -fno-short-enums -D__ARM_ARCH_5__ -D__ARM_ARCH_5T__ -D__ARM_ARCH_5E__ -D__ARM_ARCH_5TE__ -DANDROID -Wno-psabi -march=armv5te -mtune=xscale -msoft-float -mthumb -Os -fomit-frame-pointer -fno-strict-aliasing -finline-limit=64 -Wa,--noexecstack -O2 -DNDEBUG -g -I/Users/michi/android/sdl/project/jni/application/../sdl/include -I/Users/michi/android/sdl/project/jni/application/../sdl_mixer -I/Users/michi/android/sdl/project/jni/application/../sdl_image -I/Users/michi/android/sdl/project/jni/application/../sdl_ttf -I/Users/michi/android/sdl/project/jni/application/../sdl_net -I/Users/michi/android/sdl/project/jni/application/../sdl_blitpool -I/Users/michi/android/sdl/project/jni/application/../sdl_gfx -I/Users/michi/android/sdl/project/jni/application/../png -I/Users/michi/android/sdl/project/jni/application/../jpeg -I/Users/michi/android/sdl/project/jni/application/../intl -I/Users/michi/android/sdl/project/jni/application/../freetype/include   conftest.cc >&5
configure:2092: $? = 0
configure:2095: test -z 			 || test ! -s conftest.err
configure:2098: $? = 0
configure:2101: test -s conftest.o
configure:2104: $? = 0
configure:2117: result: yes
configure:2123: checking whether /Users/michi/android/ndk-crystax/build/prebuilt/darwin-x86/arm-eabi-4.4.0/bin/arm-eabi-g++ accepts -g
configure:2144: /Users/michi/android/ndk-crystax/build/prebuilt/darwin-x86/arm-eabi-4.4.0/bin/arm-eabi-g++ -c -g  conftest.cc >&5
configure:2150: $? = 0
configure:2153: test -z 			 || test ! -s conftest.err
configure:2156: $? = 0
configure:2159: test -s conftest.o
configure:2162: $? = 0
configure:2173: result: yes
configure:2215: /Users/michi/android/ndk-crystax/build/prebuilt/darwin-x86/arm-eabi-4.4.0/bin/arm-eabi-g++ -c -I/Users/michi/android/ndk-crystax/build/platforms/android-8/arch-arm/usr/include -fpic -mthumb-interwork -ffunction-sections -funwind-tables -fstack-protector -fno-short-enums -D__ARM_ARCH_5__ -D__ARM_ARCH_5T__ -D__ARM_ARCH_5E__ -D__ARM_ARCH_5TE__ -DANDROID -Wno-psabi -march=armv5te -mtune=xscale -msoft-float -mthumb -Os -fomit-frame-pointer -fno-strict-aliasing -finline-limit=64 -Wa,--noexecstack -O2 -DNDEBUG -g -I/Users/michi/android/sdl/project/jni/application/../sdl/include -I/Users/michi/android/sdl/project/jni/application/../sdl_mixer -I/Users/michi/android/sdl/project/jni/application/../sdl_image -I/Users/michi/android/sdl/project/jni/application/../sdl_ttf -I/Users/michi/android/sdl/project/jni/application/../sdl_net -I/Users/michi/android/sdl/project/jni/application/../sdl_blitpool -I/Users/michi/android/sdl/project/jni/application/../sdl_gfx -I/Users/michi/android/sdl/project/jni/application/../png -I/Users/michi/android/sdl/project/jni/application/../jpeg -I/Users/michi/android/sdl/project/jni/application/../intl -I/Users/michi/android/sdl/project/jni/application/../freetype/include   conftest.cc >&5
configure:2221: $? = 0
configure:2224: test -z 			 || test ! -s conftest.err
configure:2227: $? = 0
configure:2230: test -s conftest.o
configure:2233: $? = 0
configure:2259: /Users/michi/android/ndk-crystax/build/prebuilt/darwin-x86/arm-eabi-4.4.0/bin/arm-eabi-g++ -c -I/Users/michi/android/ndk-crystax/build/platforms/android-8/arch-arm/usr/include -fpic -mthumb-interwork -ffunction-sections -funwind-tables -fstack-protector -fno-short-enums -D__ARM_ARCH_5__ -D__ARM_ARCH_5T__ -D__ARM_ARCH_5E__ -D__ARM_ARCH_5TE__ -DANDROID -Wno-psabi -march=armv5te -mtune=xscale -msoft-float -mthumb -Os -fomit-frame-pointer -fno-strict-aliasing -finline-limit=64 -Wa,--noexecstack -O2 -DNDEBUG -g -I/Users/michi/android/sdl/project/jni/application/../sdl/include -I/Users/michi/android/sdl/project/jni/application/../sdl_mixer -I/Users/michi/android/sdl/project/jni/application/../sdl_image -I/Users/michi/android/sdl/project/jni/application/../sdl_ttf -I/Users/michi/android/sdl/project/jni/application/../sdl_net -I/Users/michi/android/sdl/project/jni/application/../sdl_blitpool -I/Users/michi/android/sdl/project/jni/application/../sdl_gfx -I/Users/michi/android/sdl/project/jni/application/../png -I/Users/michi/android/sdl/project/jni/application/../jpeg -I/Users/michi/android/sdl/project/jni/application/../intl -I/Users/michi/android/sdl/project/jni/application/../freetype/include   conftest.cc >&5
conftest.cc: In function 'int main()':
conftest.cc:16: error: 'exit' was not declared in this scope
configure:2265: $? = 1
configure: failed program was:
| /* confdefs.h.  */
| 
| #define PACKAGE_NAME ""
| #define PACKAGE_TARNAME ""
| #define PACKAGE_VERSION ""
| #define PACKAGE_STRING ""
| #define PACKAGE_BUGREPORT ""
| #define PACKAGE "zipios++"
| #define VERSION "0.1.5"
| #define USE_STD_IOSTREAM 1
| /* end confdefs.h.  */
| 
| int
| main ()
| {
| exit (42);
|   ;
|   return 0;
| }
configure:2215: /Users/michi/android/ndk-crystax/build/prebuilt/darwin-x86/arm-eabi-4.4.0/bin/arm-eabi-g++ -c -I/Users/michi/android/ndk-crystax/build/platforms/android-8/arch-arm/usr/include -fpic -mthumb-interwork -ffunction-sections -funwind-tables -fstack-protector -fno-short-enums -D__ARM_ARCH_5__ -D__ARM_ARCH_5T__ -D__ARM_ARCH_5E__ -D__ARM_ARCH_5TE__ -DANDROID -Wno-psabi -march=armv5te -mtune=xscale -msoft-float -mthumb -Os -fomit-frame-pointer -fno-strict-aliasing -finline-limit=64 -Wa,--noexecstack -O2 -DNDEBUG -g -I/Users/michi/android/sdl/project/jni/application/../sdl/include -I/Users/michi/android/sdl/project/jni/application/../sdl_mixer -I/Users/michi/android/sdl/project/jni/application/../sdl_image -I/Users/michi/android/sdl/project/jni/application/../sdl_ttf -I/Users/michi/android/sdl/project/jni/application/../sdl_net -I/Users/michi/android/sdl/project/jni/application/../sdl_blitpool -I/Users/michi/android/sdl/project/jni/application/../sdl_gfx -I/Users/michi/android/sdl/project/jni/application/../png -I/Users/michi/android/sdl/project/jni/application/../jpeg -I/Users/michi/android/sdl/project/jni/application/../intl -I/Users/michi/android/sdl/project/jni/application/../freetype/include   conftest.cc >&5
conftest.cc:12: error: 'void std::exit(int)' should have been declared inside 'std'
In file included from conftest.cc:13:
/Users/michi/android/ndk-crystax/build/platforms/android-8/arch-arm/usr/include/stdlib.h:50: warning: declaration of 'void exit(int)' with C language linkage
conftest.cc:12: warning: conflicts with previous declaration 'void std::exit(int)'
/Users/michi/android/ndk-crystax/build/platforms/android-8/arch-arm/usr/include/stdlib.h:50: warning: due to different exception specifications
configure:2221: $? = 1
configure: failed program was:
| /* confdefs.h.  */
| 
| #define PACKAGE_NAME ""
| #define PACKAGE_TARNAME ""
| #define PACKAGE_VERSION ""
| #define PACKAGE_STRING ""
| #define PACKAGE_BUGREPORT ""
| #define PACKAGE "zipios++"
| #define VERSION "0.1.5"
| #define USE_STD_IOSTREAM 1
| /* end confdefs.h.  */
| extern "C" void std::exit (int) throw (); using std::exit;
| #include <stdlib.h>
| int
| main ()
| {
| exit (42);
|   ;
|   return 0;
| }
configure:2215: /Users/michi/android/ndk-crystax/build/prebuilt/darwin-x86/arm-eabi-4.4.0/bin/arm-eabi-g++ -c -I/Users/michi/android/ndk-crystax/build/platforms/android-8/arch-arm/usr/include -fpic -mthumb-interwork -ffunction-sections -funwind-tables -fstack-protector -fno-short-enums -D__ARM_ARCH_5__ -D__ARM_ARCH_5T__ -D__ARM_ARCH_5E__ -D__ARM_ARCH_5TE__ -DANDROID -Wno-psabi -march=armv5te -mtune=xscale -msoft-float -mthumb -Os -fomit-frame-pointer -fno-strict-aliasing -finline-limit=64 -Wa,--noexecstack -O2 -DNDEBUG -g -I/Users/michi/android/sdl/project/jni/application/../sdl/include -I/Users/michi/android/sdl/project/jni/application/../sdl_mixer -I/Users/michi/android/sdl/project/jni/application/../sdl_image -I/Users/michi/android/sdl/project/jni/application/../sdl_ttf -I/Users/michi/android/sdl/project/jni/application/../sdl_net -I/Users/michi/android/sdl/project/jni/application/../sdl_blitpool -I/Users/michi/android/sdl/project/jni/application/../sdl_gfx -I/Users/michi/android/sdl/project/jni/application/../png -I/Users/michi/android/sdl/project/jni/application/../jpeg -I/Users/michi/android/sdl/project/jni/application/../intl -I/Users/michi/android/sdl/project/jni/application/../freetype/include   conftest.cc >&5
conftest.cc:12: error: 'void std::exit(int)' should have been declared inside 'std'
configure:2221: $? = 1
configure: failed program was:
| /* confdefs.h.  */
| 
| #define PACKAGE_NAME ""
| #define PACKAGE_TARNAME ""
| #define PACKAGE_VERSION ""
| #define PACKAGE_STRING ""
| #define PACKAGE_BUGREPORT ""
| #define PACKAGE "zipios++"
| #define VERSION "0.1.5"
| #define USE_STD_IOSTREAM 1
| /* end confdefs.h.  */
| extern "C" void std::exit (int); using std::exit;
| #include <stdlib.h>
| int
| main ()
| {
| exit (42);
|   ;
|   return 0;
| }
configure:2215: /Users/michi/android/ndk-crystax/build/prebuilt/darwin-x86/arm-eabi-4.4.0/bin/arm-eabi-g++ -c -I/Users/michi/android/ndk-crystax/build/platforms/android-8/arch-arm/usr/include -fpic -mthumb-interwork -ffunction-sections -funwind-tables -fstack-protector -fno-short-enums -D__ARM_ARCH_5__ -D__ARM_ARCH_5T__ -D__ARM_ARCH_5E__ -D__ARM_ARCH_5TE__ -DANDROID -Wno-psabi -march=armv5te -mtune=xscale -msoft-float -mthumb -Os -fomit-frame-pointer -fno-strict-aliasing -finline-limit=64 -Wa,--noexecstack -O2 -DNDEBUG -g -I/Users/michi/android/sdl/project/jni/application/../sdl/include -I/Users/michi/android/sdl/project/jni/application/../sdl_mixer -I/Users/michi/android/sdl/project/jni/application/../sdl_image -I/Users/michi/android/sdl/project/jni/application/../sdl_ttf -I/Users/michi/android/sdl/project/jni/application/../sdl_net -I/Users/michi/android/sdl/project/jni/application/../sdl_blitpool -I/Users/michi/android/sdl/project/jni/application/../sdl_gfx -I/Users/michi/android/sdl/project/jni/application/../png -I/Users/michi/android/sdl/project/jni/application/../jpeg -I/Users/michi/android/sdl/project/jni/application/../intl -I/Users/michi/android/sdl/project/jni/application/../freetype/include   conftest.cc >&5
In file included from conftest.cc:13:
/Users/michi/android/ndk-crystax/build/platforms/android-8/arch-arm/usr/include/stdlib.h:50: warning: declaration of 'void exit(int)' with C language linkage
conftest.cc:12: warning: conflicts with previous declaration 'void exit(int)'
/Users/michi/android/ndk-crystax/build/platforms/android-8/arch-arm/usr/include/stdlib.h:50: warning: due to different exception specifications
configure:2221: $? = 0
configure:2224: test -z 			 || test ! -s conftest.err
configure:2227: $? = 0
configure:2230: test -s conftest.o
configure:2233: $? = 0
configure:2259: /Users/michi/android/ndk-crystax/build/prebuilt/darwin-x86/arm-eabi-4.4.0/bin/arm-eabi-g++ -c -I/Users/michi/android/ndk-crystax/build/platforms/android-8/arch-arm/usr/include -fpic -mthumb-interwork -ffunction-sections -funwind-tables -fstack-protector -fno-short-enums -D__ARM_ARCH_5__ -D__ARM_ARCH_5T__ -D__ARM_ARCH_5E__ -D__ARM_ARCH_5TE__ -DANDROID -Wno-psabi -march=armv5te -mtune=xscale -msoft-float -mthumb -Os -fomit-frame-pointer -fno-strict-aliasing -finline-limit=64 -Wa,--noexecstack -O2 -DNDEBUG -g -I/Users/michi/android/sdl/project/jni/application/../sdl/include -I/Users/michi/android/sdl/project/jni/application/../sdl_mixer -I/Users/michi/android/sdl/project/jni/application/../sdl_image -I/Users/michi/android/sdl/project/jni/application/../sdl_ttf -I/Users/michi/android/sdl/project/jni/application/../sdl_net -I/Users/michi/android/sdl/project/jni/application/../sdl_blitpool -I/Users/michi/android/sdl/project/jni/application/../sdl_gfx -I/Users/michi/android/sdl/project/jni/application/../png -I/Users/michi/android/sdl/project/jni/application/../jpeg -I/Users/michi/android/sdl/project/jni/application/../intl -I/Users/michi/android/sdl/project/jni/application/../freetype/include   conftest.cc >&5
configure:2265: $? = 0
configure:2268: test -z 			 || test ! -s conftest.err
configure:2271: $? = 0
configure:2274: test -s conftest.o
configure:2277: $? = 0
configure:2311: checking for style of include used by make
configure:2339: result: GNU
configure:2367: checking dependency style of /Users/michi/android/ndk-crystax/build/prebuilt/darwin-x86/arm-eabi-4.4.0/bin/arm-eabi-g++
configure:2450: result: gcc3
configure:2475: checking for arm-eabi-gcc
configure:2501: result: /Users/michi/android/ndk-crystax/build/prebuilt/darwin-x86/arm-eabi-4.4.0/bin/arm-eabi-gcc
configure:2783: checking for C compiler version
configure:2786: /Users/michi/android/ndk-crystax/build/prebuilt/darwin-x86/arm-eabi-4.4.0/bin/arm-eabi-gcc --version </dev/null >&5
arm-eabi-gcc (GCC) 4.4.0
Copyright (C) 2009 Free Software Foundation, Inc.
This is free software; see the source for copying conditions.  There is NO
warranty; not even for MERCHANTABILITY or FITNESS FOR A PARTICULAR PURPOSE.

configure:2789: $? = 0
configure:2791: /Users/michi/android/ndk-crystax/build/prebuilt/darwin-x86/arm-eabi-4.4.0/bin/arm-eabi-gcc -v </dev/null >&5
Using built-in specs.
Target: arm-eabi
Configured with: /tmp/ndk-toolchain-ivYmmi/src/build/../gcc/gcc-4.4.0/configure --prefix=/tmp/ndk-prebuilt-1099/build/prebuilt/darwin-x86/arm-eabi-4.4.0 --target=arm-eabi --host=i386-apple-darwin9.8.0 --build=i386-apple-darwin9.8.0 --enable-languages=c,c++ --with-gmp=/tmp/ndk-toolchain-ivYmmi/toolchain-arm-eabi-4.4.0/temp-install --with-mpfr=/tmp/ndk-toolchain-ivYmmi/toolchain-arm-eabi-4.4.0/temp-install --disable-libssp --enable-threads --disable-nls --disable-libmudflap --disable-libgomp --disable-libstdc__-v3 --disable-sjlj-exceptions --disable-shared --disable-tls --with-float=soft --with-fpu=vfp --with-arch=armv5te --enable-target-optspace --with-abi=aapcs --disable-nls --prefix=/tmp/ndk-prebuilt-1099/build/prebuilt/darwin-x86/arm-eabi-4.4.0 --with-sysroot=/opt/android/android-ndk-r4-crystax/build/platforms/android-3/arch-arm --enable-libstdc__-v3 --enable-threads=posix --with-binutils-version=2.19 --with-gcc-version=4.4.0 --with-gdb-version=6.6 --program-transform-name='s&^&arm-eabi-&'
Thread model: posix
gcc version 4.4.0 (GCC) 
configure:2794: $? = 0
configure:2796: /Users/michi/android/ndk-crystax/build/prebuilt/darwin-x86/arm-eabi-4.4.0/bin/arm-eabi-gcc -V </dev/null >&5
arm-eabi-gcc: '-V' option must have argument
configure:2799: $? = 1
configure:2802: checking whether we are using the GNU C compiler
configure:2826: /Users/michi/android/ndk-crystax/build/prebuilt/darwin-x86/arm-eabi-4.4.0/bin/arm-eabi-gcc -c -I/Users/michi/android/ndk-crystax/build/platforms/android-8/arch-arm/usr/include -fpic -mthumb-interwork -ffunction-sections -funwind-tables -fstack-protector -fno-short-enums -D__ARM_ARCH_5__ -D__ARM_ARCH_5T__ -D__ARM_ARCH_5E__ -D__ARM_ARCH_5TE__ -DANDROID -Wno-psabi -march=armv5te -mtune=xscale -msoft-float -mthumb -Os -fomit-frame-pointer -fno-strict-aliasing -finline-limit=64 -Wa,--noexecstack -O2 -DNDEBUG -g -I/Users/michi/android/sdl/project/jni/application/../sdl/include -I/Users/michi/android/sdl/project/jni/application/../sdl_mixer -I/Users/michi/android/sdl/project/jni/application/../sdl_image -I/Users/michi/android/sdl/project/jni/application/../sdl_ttf -I/Users/michi/android/sdl/project/jni/application/../sdl_net -I/Users/michi/android/sdl/project/jni/application/../sdl_blitpool -I/Users/michi/android/sdl/project/jni/application/../sdl_gfx -I/Users/michi/android/sdl/project/jni/application/../png -I/Users/michi/android/sdl/project/jni/application/../jpeg -I/Users/michi/android/sdl/project/jni/application/../intl -I/Users/michi/android/sdl/project/jni/application/../freetype/include   conftest.c >&5
configure:2832: $? = 0
configure:2835: test -z 			 || test ! -s conftest.err
configure:2838: $? = 0
configure:2841: test -s conftest.o
configure:2844: $? = 0
configure:2857: result: yes
configure:2863: checking whether /Users/michi/android/ndk-crystax/build/prebuilt/darwin-x86/arm-eabi-4.4.0/bin/arm-eabi-gcc accepts -g
configure:2884: /Users/michi/android/ndk-crystax/build/prebuilt/darwin-x86/arm-eabi-4.4.0/bin/arm-eabi-gcc -c -g  conftest.c >&5
configure:2890: $? = 0
configure:2893: test -z 			 || test ! -s conftest.err
configure:2896: $? = 0
configure:2899: test -s conftest.o
configure:2902: $? = 0
configure:2913: result: yes
configure:2930: checking for /Users/michi/android/ndk-crystax/build/prebuilt/darwin-x86/arm-eabi-4.4.0/bin/arm-eabi-gcc option to accept ANSI C
configure:3000: /Users/michi/android/ndk-crystax/build/prebuilt/darwin-x86/arm-eabi-4.4.0/bin/arm-eabi-gcc  -c -I/Users/michi/android/ndk-crystax/build/platforms/android-8/arch-arm/usr/include -fpic -mthumb-interwork -ffunction-sections -funwind-tables -fstack-protector -fno-short-enums -D__ARM_ARCH_5__ -D__ARM_ARCH_5T__ -D__ARM_ARCH_5E__ -D__ARM_ARCH_5TE__ -DANDROID -Wno-psabi -march=armv5te -mtune=xscale -msoft-float -mthumb -Os -fomit-frame-pointer -fno-strict-aliasing -finline-limit=64 -Wa,--noexecstack -O2 -DNDEBUG -g -I/Users/michi/android/sdl/project/jni/application/../sdl/include -I/Users/michi/android/sdl/project/jni/application/../sdl_mixer -I/Users/michi/android/sdl/project/jni/application/../sdl_image -I/Users/michi/android/sdl/project/jni/application/../sdl_ttf -I/Users/michi/android/sdl/project/jni/application/../sdl_net -I/Users/michi/android/sdl/project/jni/application/../sdl_blitpool -I/Users/michi/android/sdl/project/jni/application/../sdl_gfx -I/Users/michi/android/sdl/project/jni/application/../png -I/Users/michi/android/sdl/project/jni/application/../jpeg -I/Users/michi/android/sdl/project/jni/application/../intl -I/Users/michi/android/sdl/project/jni/application/../freetype/include   conftest.c >&5
configure:3006: $? = 0
configure:3009: test -z 			 || test ! -s conftest.err
configure:3012: $? = 0
configure:3015: test -s conftest.o
configure:3018: $? = 0
configure:3036: result: none needed
configure:3054: /Users/michi/android/ndk-crystax/build/prebuilt/darwin-x86/arm-eabi-4.4.0/bin/arm-eabi-gcc -c -I/Users/michi/android/ndk-crystax/build/platforms/android-8/arch-arm/usr/include -fpic -mthumb-interwork -ffunction-sections -funwind-tables -fstack-protector -fno-short-enums -D__ARM_ARCH_5__ -D__ARM_ARCH_5T__ -D__ARM_ARCH_5E__ -D__ARM_ARCH_5TE__ -DANDROID -Wno-psabi -march=armv5te -mtune=xscale -msoft-float -mthumb -Os -fomit-frame-pointer -fno-strict-aliasing -finline-limit=64 -Wa,--noexecstack -O2 -DNDEBUG -g -I/Users/michi/android/sdl/project/jni/application/../sdl/include -I/Users/michi/android/sdl/project/jni/application/../sdl_mixer -I/Users/michi/android/sdl/project/jni/application/../sdl_image -I/Users/michi/android/sdl/project/jni/application/../sdl_ttf -I/Users/michi/android/sdl/project/jni/application/../sdl_net -I/Users/michi/android/sdl/project/jni/application/../sdl_blitpool -I/Users/michi/android/sdl/project/jni/application/../sdl_gfx -I/Users/michi/android/sdl/project/jni/application/../png -I/Users/michi/android/sdl/project/jni/application/../jpeg -I/Users/michi/android/sdl/project/jni/application/../intl -I/Users/michi/android/sdl/project/jni/application/../freetype/include   conftest.c >&5
conftest.c:2: error: expected '=', ',', ';', 'asm' or '__attribute__' before 'me'
configure:3060: $? = 1
configure: failed program was:
| #ifndef __cplusplus
|   choke me
| #endif
configure:3192: checking dependency style of /Users/michi/android/ndk-crystax/build/prebuilt/darwin-x86/arm-eabi-4.4.0/bin/arm-eabi-gcc
configure:3275: result: gcc3
configure:3297: checking how to run the C preprocessor
configure:3415: result: /Users/michi/android/ndk-crystax/build/prebuilt/darwin-x86/arm-eabi-4.4.0/bin/arm-eabi-cpp -I/Users/michi/android/ndk-crystax/build/platforms/android-8/arch-arm/usr/include -fpic -mthumb-interwork -ffunction-sections -funwind-tables -fstack-protector -fno-short-enums -D__ARM_ARCH_5__ -D__ARM_ARCH_5T__ -D__ARM_ARCH_5E__ -D__ARM_ARCH_5TE__ -DANDROID -Wno-psabi -march=armv5te -mtune=xscale -msoft-float -mthumb -Os -fomit-frame-pointer -fno-strict-aliasing -finline-limit=64 -Wa,--noexecstack -O2 -DNDEBUG -g -I/Users/michi/android/sdl/project/jni/application/../sdl/include -I/Users/michi/android/sdl/project/jni/application/../sdl_mixer -I/Users/michi/android/sdl/project/jni/application/../sdl_image -I/Users/michi/android/sdl/project/jni/application/../sdl_ttf -I/Users/michi/android/sdl/project/jni/application/../sdl_net -I/Users/michi/android/sdl/project/jni/application/../sdl_blitpool -I/Users/michi/android/sdl/project/jni/application/../sdl_gfx -I/Users/michi/android/sdl/project/jni/application/../png -I/Users/michi/android/sdl/project/jni/application/../jpeg -I/Users/michi/android/sdl/project/jni/application/../intl -I/Users/michi/android/sdl/project/jni/application/../freetype/include 
configure:3439: /Users/michi/android/ndk-crystax/build/prebuilt/darwin-x86/arm-eabi-4.4.0/bin/arm-eabi-cpp -I/Users/michi/android/ndk-crystax/build/platforms/android-8/arch-arm/usr/include -fpic -mthumb-interwork -ffunction-sections -funwind-tables -fstack-protector -fno-short-enums -D__ARM_ARCH_5__ -D__ARM_ARCH_5T__ -D__ARM_ARCH_5E__ -D__ARM_ARCH_5TE__ -DANDROID -Wno-psabi -march=armv5te -mtune=xscale -msoft-float -mthumb -Os -fomit-frame-pointer -fno-strict-aliasing -finline-limit=64 -Wa,--noexecstack -O2 -DNDEBUG -g -I/Users/michi/android/sdl/project/jni/application/../sdl/include -I/Users/michi/android/sdl/project/jni/application/../sdl_mixer -I/Users/michi/android/sdl/project/jni/application/../sdl_image -I/Users/michi/android/sdl/project/jni/application/../sdl_ttf -I/Users/michi/android/sdl/project/jni/application/../sdl_net -I/Users/michi/android/sdl/project/jni/application/../sdl_blitpool -I/Users/michi/android/sdl/project/jni/application/../sdl_gfx -I/Users/michi/android/sdl/project/jni/application/../png -I/Users/michi/android/sdl/project/jni/application/../jpeg -I/Users/michi/android/sdl/project/jni/application/../intl -I/Users/michi/android/sdl/project/jni/application/../freetype/include   conftest.c
configure:3445: $? = 0
configure:3477: /Users/michi/android/ndk-crystax/build/prebuilt/darwin-x86/arm-eabi-4.4.0/bin/arm-eabi-cpp -I/Users/michi/android/ndk-crystax/build/platforms/android-8/arch-arm/usr/include -fpic -mthumb-interwork -ffunction-sections -funwind-tables -fstack-protector -fno-short-enums -D__ARM_ARCH_5__ -D__ARM_ARCH_5T__ -D__ARM_ARCH_5E__ -D__ARM_ARCH_5TE__ -DANDROID -Wno-psabi -march=armv5te -mtune=xscale -msoft-float -mthumb -Os -fomit-frame-pointer -fno-strict-aliasing -finline-limit=64 -Wa,--noexecstack -O2 -DNDEBUG -g -I/Users/michi/android/sdl/project/jni/application/../sdl/include -I/Users/michi/android/sdl/project/jni/application/../sdl_mixer -I/Users/michi/android/sdl/project/jni/application/../sdl_image -I/Users/michi/android/sdl/project/jni/application/../sdl_ttf -I/Users/michi/android/sdl/project/jni/application/../sdl_net -I/Users/michi/android/sdl/project/jni/application/../sdl_blitpool -I/Users/michi/android/sdl/project/jni/application/../sdl_gfx -I/Users/michi/android/sdl/project/jni/application/../png -I/Users/michi/android/sdl/project/jni/application/../jpeg -I/Users/michi/android/sdl/project/jni/application/../intl -I/Users/michi/android/sdl/project/jni/application/../freetype/include   conftest.c
conftest.c:15:28: error: ac_nonexistent.h: No such file or directory
configure:3483: $? = 1
configure: failed program was:
| /* confdefs.h.  */
| 
| #define PACKAGE_NAME ""
| #define PACKAGE_TARNAME ""
| #define PACKAGE_VERSION ""
| #define PACKAGE_STRING ""
| #define PACKAGE_BUGREPORT ""
| #define PACKAGE "zipios++"
| #define VERSION "0.1.5"
| #define USE_STD_IOSTREAM 1
| #ifdef __cplusplus
| extern "C" void exit (int) throw ();
| #endif
| /* end confdefs.h.  */
| #include <ac_nonexistent.h>
configure:3539: checking for a BSD-compatible install
configure:3594: result: /usr/bin/install -c
configure:3608: checking for arm-eabi-ranlib
configure:3634: result: /Users/michi/android/ndk-crystax/build/prebuilt/darwin-x86/arm-eabi-4.4.0/bin/arm-eabi-ranlib
configure:3687: checking for inflate in -lz
configure:3717: /Users/michi/android/ndk-crystax/build/prebuilt/darwin-x86/arm-eabi-4.4.0/bin/arm-eabi-gcc -o conftest -I/Users/michi/android/ndk-crystax/build/platforms/android-8/arch-arm/usr/include -fpic -mthumb-interwork -ffunction-sections -funwind-tables -fstack-protector -fno-short-enums -D__ARM_ARCH_5__ -D__ARM_ARCH_5T__ -D__ARM_ARCH_5E__ -D__ARM_ARCH_5TE__ -DANDROID -Wno-psabi -march=armv5te -mtune=xscale -msoft-float -mthumb -Os -fomit-frame-pointer -fno-strict-aliasing -finline-limit=64 -Wa,--noexecstack -O2 -DNDEBUG -g -I/Users/michi/android/sdl/project/jni/application/../sdl/include -I/Users/michi/android/sdl/project/jni/application/../sdl_mixer -I/Users/michi/android/sdl/project/jni/application/../sdl_image -I/Users/michi/android/sdl/project/jni/application/../sdl_ttf -I/Users/michi/android/sdl/project/jni/application/../sdl_net -I/Users/michi/android/sdl/project/jni/application/../sdl_blitpool -I/Users/michi/android/sdl/project/jni/application/../sdl_gfx -I/Users/michi/android/sdl/project/jni/application/../png -I/Users/michi/android/sdl/project/jni/application/../jpeg -I/Users/michi/android/sdl/project/jni/application/../intl -I/Users/michi/android/sdl/project/jni/application/../freetype/include   -nostdlib -Wl,-soname,libapplication.so -Wl,-shared,-Bsymbolic -Wl,--whole-archive -Wl,--no-whole-archive /Users/michi/android/ndk-crystax/build/prebuilt/darwin-x86/arm-eabi-4.4.0/lib/gcc/arm-eabi/4.4.0/libgcc.a /Users/michi/android/sdl/project/jni/application/../../obj/local/armeabi/libsdl.so /Users/michi/android/sdl/project/jni/application/../../obj/local/armeabi/libsdl_image.so /Users/michi/android/sdl/project/jni/application/../../obj/local/armeabi/libsdl_mixer.so /Users/michi/android/sdl/project/jni/application/../../obj/local/armeabi/libsdl_ttf.so /Users/michi/android/ndk-crystax/build/platforms/android-8/arch-arm/usr/lib/libc.so /Users/michi/android/ndk-crystax/build/platforms/android-8/arch-arm/usr/lib/libm.so -Wl,-z,noexecstack -L/Users/michi/android/ndk-crystax/build/platforms/android-8/arch-arm/usr/lib /Users/michi/android/ndk-crystax/build/prebuilt/darwin-x86/arm-eabi-4.4.0/arm-eabi/lib/libstdc++.a /Users/michi/android/ndk-crystax/build/prebuilt/darwin-x86/arm-eabi-4.4.0/arm-eabi/lib/libsupc++.a -lGLESv1_CM -ldl -llog -lz -Wl,-rpath-link=/Users/michi/android/ndk-crystax/build/platforms/android-8/arch-arm/usr/lib -L/Users/michi/android/sdl/project/jni/application/../../obj/local/armeabi conftest.c -lz   >&5
configure:3723: $? = 0
configure:3726: test -z 			 || test ! -s conftest.err
configure:3729: $? = 0
configure:3732: test -s conftest
configure:3735: $? = 0
configure:3748: result: yes
configure:3763: checking for zError in -lz
configure:3793: /Users/michi/android/ndk-crystax/build/prebuilt/darwin-x86/arm-eabi-4.4.0/bin/arm-eabi-gcc -o conftest -I/Users/michi/android/ndk-crystax/build/platforms/android-8/arch-arm/usr/include -fpic -mthumb-interwork -ffunction-sections -funwind-tables -fstack-protector -fno-short-enums -D__ARM_ARCH_5__ -D__ARM_ARCH_5T__ -D__ARM_ARCH_5E__ -D__ARM_ARCH_5TE__ -DANDROID -Wno-psabi -march=armv5te -mtune=xscale -msoft-float -mthumb -Os -fomit-frame-pointer -fno-strict-aliasing -finline-limit=64 -Wa,--noexecstack -O2 -DNDEBUG -g -I/Users/michi/android/sdl/project/jni/application/../sdl/include -I/Users/michi/android/sdl/project/jni/application/../sdl_mixer -I/Users/michi/android/sdl/project/jni/application/../sdl_image -I/Users/michi/android/sdl/project/jni/application/../sdl_ttf -I/Users/michi/android/sdl/project/jni/application/../sdl_net -I/Users/michi/android/sdl/project/jni/application/../sdl_blitpool -I/Users/michi/android/sdl/project/jni/application/../sdl_gfx -I/Users/michi/android/sdl/project/jni/application/../png -I/Users/michi/android/sdl/project/jni/application/../jpeg -I/Users/michi/android/sdl/project/jni/application/../intl -I/Users/michi/android/sdl/project/jni/application/../freetype/include   -nostdlib -Wl,-soname,libapplication.so -Wl,-shared,-Bsymbolic -Wl,--whole-archive -Wl,--no-whole-archive /Users/michi/android/ndk-crystax/build/prebuilt/darwin-x86/arm-eabi-4.4.0/lib/gcc/arm-eabi/4.4.0/libgcc.a /Users/michi/android/sdl/project/jni/application/../../obj/local/armeabi/libsdl.so /Users/michi/android/sdl/project/jni/application/../../obj/local/armeabi/libsdl_image.so /Users/michi/android/sdl/project/jni/application/../../obj/local/armeabi/libsdl_mixer.so /Users/michi/android/sdl/project/jni/application/../../obj/local/armeabi/libsdl_ttf.so /Users/michi/android/ndk-crystax/build/platforms/android-8/arch-arm/usr/lib/libc.so /Users/michi/android/ndk-crystax/build/platforms/android-8/arch-arm/usr/lib/libm.so -Wl,-z,noexecstack -L/Users/michi/android/ndk-crystax/build/platforms/android-8/arch-arm/usr/lib /Users/michi/android/ndk-crystax/build/prebuilt/darwin-x86/arm-eabi-4.4.0/arm-eabi/lib/libstdc++.a /Users/michi/android/ndk-crystax/build/prebuilt/darwin-x86/arm-eabi-4.4.0/arm-eabi/lib/libsupc++.a -lGLESv1_CM -ldl -llog -lz -Wl,-rpath-link=/Users/michi/android/ndk-crystax/build/platforms/android-8/arch-arm/usr/lib -L/Users/michi/android/sdl/project/jni/application/../../obj/local/armeabi conftest.c -lz   >&5
configure:3799: $? = 0
configure:3802: test -z 			 || test ! -s conftest.err
configure:3805: $? = 0
configure:3808: test -s conftest
configure:3811: $? = 0
configure:3824: result: yes
configure:3836: checking for egrep
configure:3846: result: grep -E
configure:3851: checking for ANSI C header files
configure:3876: /Users/michi/android/ndk-crystax/build/prebuilt/darwin-x86/arm-eabi-4.4.0/bin/arm-eabi-gcc -c -I/Users/michi/android/ndk-crystax/build/platforms/android-8/arch-arm/usr/include -fpic -mthumb-interwork -ffunction-sections -funwind-tables -fstack-protector -fno-short-enums -D__ARM_ARCH_5__ -D__ARM_ARCH_5T__ -D__ARM_ARCH_5E__ -D__ARM_ARCH_5TE__ -DANDROID -Wno-psabi -march=armv5te -mtune=xscale -msoft-float -mthumb -Os -fomit-frame-pointer -fno-strict-aliasing -finline-limit=64 -Wa,--noexecstack -O2 -DNDEBUG -g -I/Users/michi/android/sdl/project/jni/application/../sdl/include -I/Users/michi/android/sdl/project/jni/application/../sdl_mixer -I/Users/michi/android/sdl/project/jni/application/../sdl_image -I/Users/michi/android/sdl/project/jni/application/../sdl_ttf -I/Users/michi/android/sdl/project/jni/application/../sdl_net -I/Users/michi/android/sdl/project/jni/application/../sdl_blitpool -I/Users/michi/android/sdl/project/jni/application/../sdl_gfx -I/Users/michi/android/sdl/project/jni/application/../png -I/Users/michi/android/sdl/project/jni/application/../jpeg -I/Users/michi/android/sdl/project/jni/application/../intl -I/Users/michi/android/sdl/project/jni/application/../freetype/include   conftest.c >&5
configure:3882: $? = 0
configure:3885: test -z 			 || test ! -s conftest.err
configure:3888: $? = 0
configure:3891: test -s conftest.o
configure:3894: $? = 0
configure:4006: result: yes
configure:4030: checking for sys/types.h
configure:4046: /Users/michi/android/ndk-crystax/build/prebuilt/darwin-x86/arm-eabi-4.4.0/bin/arm-eabi-gcc -c -I/Users/michi/android/ndk-crystax/build/platforms/android-8/arch-arm/usr/include -fpic -mthumb-interwork -ffunction-sections -funwind-tables -fstack-protector -fno-short-enums -D__ARM_ARCH_5__ -D__ARM_ARCH_5T__ -D__ARM_ARCH_5E__ -D__ARM_ARCH_5TE__ -DANDROID -Wno-psabi -march=armv5te -mtune=xscale -msoft-float -mthumb -Os -fomit-frame-pointer -fno-strict-aliasing -finline-limit=64 -Wa,--noexecstack -O2 -DNDEBUG -g -I/Users/michi/android/sdl/project/jni/application/../sdl/include -I/Users/michi/android/sdl/project/jni/application/../sdl_mixer -I/Users/michi/android/sdl/project/jni/application/../sdl_image -I/Users/michi/android/sdl/project/jni/application/../sdl_ttf -I/Users/michi/android/sdl/project/jni/application/../sdl_net -I/Users/michi/android/sdl/project/jni/application/../sdl_blitpool -I/Users/michi/android/sdl/project/jni/application/../sdl_gfx -I/Users/michi/android/sdl/project/jni/application/../png -I/Users/michi/android/sdl/project/jni/application/../jpeg -I/Users/michi/android/sdl/project/jni/application/../intl -I/Users/michi/android/sdl/project/jni/application/../freetype/include   conftest.c >&5
configure:4052: $? = 0
configure:4055: test -z 			 || test ! -s conftest.err
configure:4058: $? = 0
configure:4061: test -s conftest.o
configure:4064: $? = 0
configure:4075: result: yes
configure:4030: checking for sys/stat.h
configure:4046: /Users/michi/android/ndk-crystax/build/prebuilt/darwin-x86/arm-eabi-4.4.0/bin/arm-eabi-gcc -c -I/Users/michi/android/ndk-crystax/build/platforms/android-8/arch-arm/usr/include -fpic -mthumb-interwork -ffunction-sections -funwind-tables -fstack-protector -fno-short-enums -D__ARM_ARCH_5__ -D__ARM_ARCH_5T__ -D__ARM_ARCH_5E__ -D__ARM_ARCH_5TE__ -DANDROID -Wno-psabi -march=armv5te -mtune=xscale -msoft-float -mthumb -Os -fomit-frame-pointer -fno-strict-aliasing -finline-limit=64 -Wa,--noexecstack -O2 -DNDEBUG -g -I/Users/michi/android/sdl/project/jni/application/../sdl/include -I/Users/michi/android/sdl/project/jni/application/../sdl_mixer -I/Users/michi/android/sdl/project/jni/application/../sdl_image -I/Users/michi/android/sdl/project/jni/application/../sdl_ttf -I/Users/michi/android/sdl/project/jni/application/../sdl_net -I/Users/michi/android/sdl/project/jni/application/../sdl_blitpool -I/Users/michi/android/sdl/project/jni/application/../sdl_gfx -I/Users/michi/android/sdl/project/jni/application/../png -I/Users/michi/android/sdl/project/jni/application/../jpeg -I/Users/michi/android/sdl/project/jni/application/../intl -I/Users/michi/android/sdl/project/jni/application/../freetype/include   conftest.c >&5
configure:4052: $? = 0
configure:4055: test -z 			 || test ! -s conftest.err
configure:4058: $? = 0
configure:4061: test -s conftest.o
configure:4064: $? = 0
configure:4075: result: yes
configure:4030: checking for stdlib.h
configure:4046: /Users/michi/android/ndk-crystax/build/prebuilt/darwin-x86/arm-eabi-4.4.0/bin/arm-eabi-gcc -c -I/Users/michi/android/ndk-crystax/build/platforms/android-8/arch-arm/usr/include -fpic -mthumb-interwork -ffunction-sections -funwind-tables -fstack-protector -fno-short-enums -D__ARM_ARCH_5__ -D__ARM_ARCH_5T__ -D__ARM_ARCH_5E__ -D__ARM_ARCH_5TE__ -DANDROID -Wno-psabi -march=armv5te -mtune=xscale -msoft-float -mthumb -Os -fomit-frame-pointer -fno-strict-aliasing -finline-limit=64 -Wa,--noexecstack -O2 -DNDEBUG -g -I/Users/michi/android/sdl/project/jni/application/../sdl/include -I/Users/michi/android/sdl/project/jni/application/../sdl_mixer -I/Users/michi/android/sdl/project/jni/application/../sdl_image -I/Users/michi/android/sdl/project/jni/application/../sdl_ttf -I/Users/michi/android/sdl/project/jni/application/../sdl_net -I/Users/michi/android/sdl/project/jni/application/../sdl_blitpool -I/Users/michi/android/sdl/project/jni/application/../sdl_gfx -I/Users/michi/android/sdl/project/jni/application/../png -I/Users/michi/android/sdl/project/jni/application/../jpeg -I/Users/michi/android/sdl/project/jni/application/../intl -I/Users/michi/android/sdl/project/jni/application/../freetype/include   conftest.c >&5
configure:4052: $? = 0
configure:4055: test -z 			 || test ! -s conftest.err
configure:4058: $? = 0
configure:4061: test -s conftest.o
configure:4064: $? = 0
configure:4075: result: yes
configure:4030: checking for string.h
configure:4046: /Users/michi/android/ndk-crystax/build/prebuilt/darwin-x86/arm-eabi-4.4.0/bin/arm-eabi-gcc -c -I/Users/michi/android/ndk-crystax/build/platforms/android-8/arch-arm/usr/include -fpic -mthumb-interwork -ffunction-sections -funwind-tables -fstack-protector -fno-short-enums -D__ARM_ARCH_5__ -D__ARM_ARCH_5T__ -D__ARM_ARCH_5E__ -D__ARM_ARCH_5TE__ -DANDROID -Wno-psabi -march=armv5te -mtune=xscale -msoft-float -mthumb -Os -fomit-frame-pointer -fno-strict-aliasing -finline-limit=64 -Wa,--noexecstack -O2 -DNDEBUG -g -I/Users/michi/android/sdl/project/jni/application/../sdl/include -I/Users/michi/android/sdl/project/jni/application/../sdl_mixer -I/Users/michi/android/sdl/project/jni/application/../sdl_image -I/Users/michi/android/sdl/project/jni/application/../sdl_ttf -I/Users/michi/android/sdl/project/jni/application/../sdl_net -I/Users/michi/android/sdl/project/jni/application/../sdl_blitpool -I/Users/michi/android/sdl/project/jni/application/../sdl_gfx -I/Users/michi/android/sdl/project/jni/application/../png -I/Users/michi/android/sdl/project/jni/application/../jpeg -I/Users/michi/android/sdl/project/jni/application/../intl -I/Users/michi/android/sdl/project/jni/application/../freetype/include   conftest.c >&5
configure:4052: $? = 0
configure:4055: test -z 			 || test ! -s conftest.err
configure:4058: $? = 0
configure:4061: test -s conftest.o
configure:4064: $? = 0
configure:4075: result: yes
configure:4030: checking for memory.h
configure:4046: /Users/michi/android/ndk-crystax/build/prebuilt/darwin-x86/arm-eabi-4.4.0/bin/arm-eabi-gcc -c -I/Users/michi/android/ndk-crystax/build/platforms/android-8/arch-arm/usr/include -fpic -mthumb-interwork -ffunction-sections -funwind-tables -fstack-protector -fno-short-enums -D__ARM_ARCH_5__ -D__ARM_ARCH_5T__ -D__ARM_ARCH_5E__ -D__ARM_ARCH_5TE__ -DANDROID -Wno-psabi -march=armv5te -mtune=xscale -msoft-float -mthumb -Os -fomit-frame-pointer -fno-strict-aliasing -finline-limit=64 -Wa,--noexecstack -O2 -DNDEBUG -g -I/Users/michi/android/sdl/project/jni/application/../sdl/include -I/Users/michi/android/sdl/project/jni/application/../sdl_mixer -I/Users/michi/android/sdl/project/jni/application/../sdl_image -I/Users/michi/android/sdl/project/jni/application/../sdl_ttf -I/Users/michi/android/sdl/project/jni/application/../sdl_net -I/Users/michi/android/sdl/project/jni/application/../sdl_blitpool -I/Users/michi/android/sdl/project/jni/application/../sdl_gfx -I/Users/michi/android/sdl/project/jni/application/../png -I/Users/michi/android/sdl/project/jni/application/../jpeg -I/Users/michi/android/sdl/project/jni/application/../intl -I/Users/michi/android/sdl/project/jni/application/../freetype/include   conftest.c >&5
configure:4052: $? = 0
configure:4055: test -z 			 || test ! -s conftest.err
configure:4058: $? = 0
configure:4061: test -s conftest.o
configure:4064: $? = 0
configure:4075: result: yes
configure:4030: checking for strings.h
configure:4046: /Users/michi/android/ndk-crystax/build/prebuilt/darwin-x86/arm-eabi-4.4.0/bin/arm-eabi-gcc -c -I/Users/michi/android/ndk-crystax/build/platforms/android-8/arch-arm/usr/include -fpic -mthumb-interwork -ffunction-sections -funwind-tables -fstack-protector -fno-short-enums -D__ARM_ARCH_5__ -D__ARM_ARCH_5T__ -D__ARM_ARCH_5E__ -D__ARM_ARCH_5TE__ -DANDROID -Wno-psabi -march=armv5te -mtune=xscale -msoft-float -mthumb -Os -fomit-frame-pointer -fno-strict-aliasing -finline-limit=64 -Wa,--noexecstack -O2 -DNDEBUG -g -I/Users/michi/android/sdl/project/jni/application/../sdl/include -I/Users/michi/android/sdl/project/jni/application/../sdl_mixer -I/Users/michi/android/sdl/project/jni/application/../sdl_image -I/Users/michi/android/sdl/project/jni/application/../sdl_ttf -I/Users/michi/android/sdl/project/jni/application/../sdl_net -I/Users/michi/android/sdl/project/jni/application/../sdl_blitpool -I/Users/michi/android/sdl/project/jni/application/../sdl_gfx -I/Users/michi/android/sdl/project/jni/application/../png -I/Users/michi/android/sdl/project/jni/application/../jpeg -I/Users/michi/android/sdl/project/jni/application/../intl -I/Users/michi/android/sdl/project/jni/application/../freetype/include   conftest.c >&5
configure:4052: $? = 0
configure:4055: test -z 			 || test ! -s conftest.err
configure:4058: $? = 0
configure:4061: test -s conftest.o
configure:4064: $? = 0
configure:4075: result: yes
configure:4030: checking for inttypes.h
configure:4046: /Users/michi/android/ndk-crystax/build/prebuilt/darwin-x86/arm-eabi-4.4.0/bin/arm-eabi-gcc -c -I/Users/michi/android/ndk-crystax/build/platforms/android-8/arch-arm/usr/include -fpic -mthumb-interwork -ffunction-sections -funwind-tables -fstack-protector -fno-short-enums -D__ARM_ARCH_5__ -D__ARM_ARCH_5T__ -D__ARM_ARCH_5E__ -D__ARM_ARCH_5TE__ -DANDROID -Wno-psabi -march=armv5te -mtune=xscale -msoft-float -mthumb -Os -fomit-frame-pointer -fno-strict-aliasing -finline-limit=64 -Wa,--noexecstack -O2 -DNDEBUG -g -I/Users/michi/android/sdl/project/jni/application/../sdl/include -I/Users/michi/android/sdl/project/jni/application/../sdl_mixer -I/Users/michi/android/sdl/project/jni/application/../sdl_image -I/Users/michi/android/sdl/project/jni/application/../sdl_ttf -I/Users/michi/android/sdl/project/jni/application/../sdl_net -I/Users/michi/android/sdl/project/jni/application/../sdl_blitpool -I/Users/michi/android/sdl/project/jni/application/../sdl_gfx -I/Users/michi/android/sdl/project/jni/application/../png -I/Users/michi/android/sdl/project/jni/application/../jpeg -I/Users/michi/android/sdl/project/jni/application/../intl -I/Users/michi/android/sdl/project/jni/application/../freetype/include   conftest.c >&5
configure:4052: $? = 0
configure:4055: test -z 			 || test ! -s conftest.err
configure:4058: $? = 0
configure:4061: test -s conftest.o
configure:4064: $? = 0
configure:4075: result: yes
configure:4030: checking for stdint.h
configure:4046: /Users/michi/android/ndk-crystax/build/prebuilt/darwin-x86/arm-eabi-4.4.0/bin/arm-eabi-gcc -c -I/Users/michi/android/ndk-crystax/build/platforms/android-8/arch-arm/usr/include -fpic -mthumb-interwork -ffunction-sections -funwind-tables -fstack-protector -fno-short-enums -D__ARM_ARCH_5__ -D__ARM_ARCH_5T__ -D__ARM_ARCH_5E__ -D__ARM_ARCH_5TE__ -DANDROID -Wno-psabi -march=armv5te -mtune=xscale -msoft-float -mthumb -Os -fomit-frame-pointer -fno-strict-aliasing -finline-limit=64 -Wa,--noexecstack -O2 -DNDEBUG -g -I/Users/michi/android/sdl/project/jni/application/../sdl/include -I/Users/michi/android/sdl/project/jni/application/../sdl_mixer -I/Users/michi/android/sdl/project/jni/application/../sdl_image -I/Users/michi/android/sdl/project/jni/application/../sdl_ttf -I/Users/michi/android/sdl/project/jni/application/../sdl_net -I/Users/michi/android/sdl/project/jni/application/../sdl_blitpool -I/Users/michi/android/sdl/project/jni/application/../sdl_gfx -I/Users/michi/android/sdl/project/jni/application/../png -I/Users/michi/android/sdl/project/jni/application/../jpeg -I/Users/michi/android/sdl/project/jni/application/../intl -I/Users/michi/android/sdl/project/jni/application/../freetype/include   conftest.c >&5
configure:4052: $? = 0
configure:4055: test -z 			 || test ! -s conftest.err
configure:4058: $? = 0
configure:4061: test -s conftest.o
configure:4064: $? = 0
configure:4075: result: yes
configure:4030: checking for unistd.h
configure:4046: /Users/michi/android/ndk-crystax/build/prebuilt/darwin-x86/arm-eabi-4.4.0/bin/arm-eabi-gcc -c -I/Users/michi/android/ndk-crystax/build/platforms/android-8/arch-arm/usr/include -fpic -mthumb-interwork -ffunction-sections -funwind-tables -fstack-protector -fno-short-enums -D__ARM_ARCH_5__ -D__ARM_ARCH_5T__ -D__ARM_ARCH_5E__ -D__ARM_ARCH_5TE__ -DANDROID -Wno-psabi -march=armv5te -mtune=xscale -msoft-float -mthumb -Os -fomit-frame-pointer -fno-strict-aliasing -finline-limit=64 -Wa,--noexecstack -O2 -DNDEBUG -g -I/Users/michi/android/sdl/project/jni/application/../sdl/include -I/Users/michi/android/sdl/project/jni/application/../sdl_mixer -I/Users/michi/android/sdl/project/jni/application/../sdl_image -I/Users/michi/android/sdl/project/jni/application/../sdl_ttf -I/Users/michi/android/sdl/project/jni/application/../sdl_net -I/Users/michi/android/sdl/project/jni/application/../sdl_blitpool -I/Users/michi/android/sdl/project/jni/application/../sdl_gfx -I/Users/michi/android/sdl/project/jni/application/../png -I/Users/michi/android/sdl/project/jni/application/../jpeg -I/Users/michi/android/sdl/project/jni/application/../intl -I/Users/michi/android/sdl/project/jni/application/../freetype/include   conftest.c >&5
configure:4052: $? = 0
configure:4055: test -z 			 || test ! -s conftest.err
configure:4058: $? = 0
configure:4061: test -s conftest.o
configure:4064: $? = 0
configure:4075: result: yes
configure:4092: checking for unistd.h
configure:4097: result: yes
configure:4237: checking whether the compiler implements namespaces
configure:4266: /Users/michi/android/ndk-crystax/build/prebuilt/darwin-x86/arm-eabi-4.4.0/bin/arm-eabi-g++ -c -I/Users/michi/android/ndk-crystax/build/platforms/android-8/arch-arm/usr/include -fpic -mthumb-interwork -ffunction-sections -funwind-tables -fstack-protector -fno-short-enums -D__ARM_ARCH_5__ -D__ARM_ARCH_5T__ -D__ARM_ARCH_5E__ -D__ARM_ARCH_5TE__ -DANDROID -Wno-psabi -march=armv5te -mtune=xscale -msoft-float -mthumb -Os -fomit-frame-pointer -fno-strict-aliasing -finline-limit=64 -Wa,--noexecstack -O2 -DNDEBUG -g -I/Users/michi/android/sdl/project/jni/application/../sdl/include -I/Users/michi/android/sdl/project/jni/application/../sdl_mixer -I/Users/michi/android/sdl/project/jni/application/../sdl_image -I/Users/michi/android/sdl/project/jni/application/../sdl_ttf -I/Users/michi/android/sdl/project/jni/application/../sdl_net -I/Users/michi/android/sdl/project/jni/application/../sdl_blitpool -I/Users/michi/android/sdl/project/jni/application/../sdl_gfx -I/Users/michi/android/sdl/project/jni/application/../png -I/Users/michi/android/sdl/project/jni/application/../jpeg -I/Users/michi/android/sdl/project/jni/application/../intl -I/Users/michi/android/sdl/project/jni/application/../freetype/include   conftest.cc >&5
configure:4272: $? = 0
configure:4275: test -z 			 || test ! -s conftest.err
configure:4278: $? = 0
configure:4281: test -s conftest.o
configure:4284: $? = 0
configure:4302: result: yes
configure:4312: checking whether the compiler supports Standard Template Library
configure:4347: /Users/michi/android/ndk-crystax/build/prebuilt/darwin-x86/arm-eabi-4.4.0/bin/arm-eabi-g++ -c -I/Users/michi/android/ndk-crystax/build/platforms/android-8/arch-arm/usr/include -fpic -mthumb-interwork -ffunction-sections -funwind-tables -fstack-protector -fno-short-enums -D__ARM_ARCH_5__ -D__ARM_ARCH_5T__ -D__ARM_ARCH_5E__ -D__ARM_ARCH_5TE__ -DANDROID -Wno-psabi -march=armv5te -mtune=xscale -msoft-float -mthumb -Os -fomit-frame-pointer -fno-strict-aliasing -finline-limit=64 -Wa,--noexecstack -O2 -DNDEBUG -g -I/Users/michi/android/sdl/project/jni/application/../sdl/include -I/Users/michi/android/sdl/project/jni/application/../sdl_mixer -I/Users/michi/android/sdl/project/jni/application/../sdl_image -I/Users/michi/android/sdl/project/jni/application/../sdl_ttf -I/Users/michi/android/sdl/project/jni/application/../sdl_net -I/Users/michi/android/sdl/project/jni/application/../sdl_blitpool -I/Users/michi/android/sdl/project/jni/application/../sdl_gfx -I/Users/michi/android/sdl/project/jni/application/../png -I/Users/michi/android/sdl/project/jni/application/../jpeg -I/Users/michi/android/sdl/project/jni/application/../intl -I/Users/michi/android/sdl/project/jni/application/../freetype/include   conftest.cc >&5
configure:4353: $? = 0
configure:4356: test -z 			 || test ! -s conftest.err
configure:4359: $? = 0
configure:4362: test -s conftest.o
configure:4365: $? = 0
configure:4383: result: yes
configure:4393: checking whether the compiler supports ISO C++ standard library
configure:4429: /Users/michi/android/ndk-crystax/build/prebuilt/darwin-x86/arm-eabi-4.4.0/bin/arm-eabi-g++ -c -I/Users/michi/android/ndk-crystax/build/platforms/android-8/arch-arm/usr/include -fpic -mthumb-interwork -ffunction-sections -funwind-tables -fstack-protector -fno-short-enums -D__ARM_ARCH_5__ -D__ARM_ARCH_5T__ -D__ARM_ARCH_5E__ -D__ARM_ARCH_5TE__ -DANDROID -Wno-psabi -march=armv5te -mtune=xscale -msoft-float -mthumb -Os -fomit-frame-pointer -fno-strict-aliasing -finline-limit=64 -Wa,--noexecstack -O2 -DNDEBUG -g -I/Users/michi/android/sdl/project/jni/application/../sdl/include -I/Users/michi/android/sdl/project/jni/application/../sdl_mixer -I/Users/michi/android/sdl/project/jni/application/../sdl_image -I/Users/michi/android/sdl/project/jni/application/../sdl_ttf -I/Users/michi/android/sdl/project/jni/application/../sdl_net -I/Users/michi/android/sdl/project/jni/application/../sdl_blitpool -I/Users/michi/android/sdl/project/jni/application/../sdl_gfx -I/Users/michi/android/sdl/project/jni/application/../png -I/Users/michi/android/sdl/project/jni/application/../jpeg -I/Users/michi/android/sdl/project/jni/application/../intl -I/Users/michi/android/sdl/project/jni/application/../freetype/include   conftest.cc >&5
configure:4435: $? = 0
configure:4438: test -z 			 || test ! -s conftest.err
configure:4441: $? = 0
configure:4444: test -s conftest.o
configure:4447: $? = 0
configure:4465: result: yes
configure:4475: checking for std iostream
configure:4512: /Users/michi/android/ndk-crystax/build/prebuilt/darwin-x86/arm-eabi-4.4.0/bin/arm-eabi-g++ -c -I/Users/michi/android/ndk-crystax/build/platforms/android-8/arch-arm/usr/include -fpic -mthumb-interwork -ffunction-sections -funwind-tables -fstack-protector -fno-short-enums -D__ARM_ARCH_5__ -D__ARM_ARCH_5T__ -D__ARM_ARCH_5E__ -D__ARM_ARCH_5TE__ -DANDROID -Wno-psabi -march=armv5te -mtune=xscale -msoft-float -mthumb -Os -fomit-frame-pointer -fno-strict-aliasing -finline-limit=64 -Wa,--noexecstack -O2 -DNDEBUG -g -I/Users/michi/android/sdl/project/jni/application/../sdl/include -I/Users/michi/android/sdl/project/jni/application/../sdl_mixer -I/Users/michi/android/sdl/project/jni/application/../sdl_image -I/Users/michi/android/sdl/project/jni/application/../sdl_ttf -I/Users/michi/android/sdl/project/jni/application/../sdl_net -I/Users/michi/android/sdl/project/jni/application/../sdl_blitpool -I/Users/michi/android/sdl/project/jni/application/../sdl_gfx -I/Users/michi/android/sdl/project/jni/application/../png -I/Users/michi/android/sdl/project/jni/application/../jpeg -I/Users/michi/android/sdl/project/jni/application/../intl -I/Users/michi/android/sdl/project/jni/application/../freetype/include   conftest.cc >&5
configure:4518: $? = 0
configure:4521: test -z 			 || test ! -s conftest.err
configure:4524: $? = 0
configure:4527: test -s conftest.o
configure:4530: $? = 0
configure:4548: result: yes
configure:4559: checking for an ANSI C-conforming const
configure:4626: /Users/michi/android/ndk-crystax/build/prebuilt/darwin-x86/arm-eabi-4.4.0/bin/arm-eabi-gcc -c -I/Users/michi/android/ndk-crystax/build/platforms/android-8/arch-arm/usr/include -fpic -mthumb-interwork -ffunction-sections -funwind-tables -fstack-protector -fno-short-enums -D__ARM_ARCH_5__ -D__ARM_ARCH_5T__ -D__ARM_ARCH_5E__ -D__ARM_ARCH_5TE__ -DANDROID -Wno-psabi -march=armv5te -mtune=xscale -msoft-float -mthumb -Os -fomit-frame-pointer -fno-strict-aliasing -finline-limit=64 -Wa,--noexecstack -O2 -DNDEBUG -g -I/Users/michi/android/sdl/project/jni/application/../sdl/include -I/Users/michi/android/sdl/project/jni/application/../sdl_mixer -I/Users/michi/android/sdl/project/jni/application/../sdl_image -I/Users/michi/android/sdl/project/jni/application/../sdl_ttf -I/Users/michi/android/sdl/project/jni/application/../sdl_net -I/Users/michi/android/sdl/project/jni/application/../sdl_blitpool -I/Users/michi/android/sdl/project/jni/application/../sdl_gfx -I/Users/michi/android/sdl/project/jni/application/../png -I/Users/michi/android/sdl/project/jni/application/../jpeg -I/Users/michi/android/sdl/project/jni/application/../intl -I/Users/michi/android/sdl/project/jni/application/../freetype/include   conftest.c >&5
configure:4632: $? = 0
configure:4635: test -z 			 || test ! -s conftest.err
configure:4638: $? = 0
configure:4641: test -s conftest.o
configure:4644: $? = 0
configure:4655: result: yes
configure:4665: checking for inline
configure:4686: /Users/michi/android/ndk-crystax/build/prebuilt/darwin-x86/arm-eabi-4.4.0/bin/arm-eabi-gcc -c -I/Users/michi/android/ndk-crystax/build/platforms/android-8/arch-arm/usr/include -fpic -mthumb-interwork -ffunction-sections -funwind-tables -fstack-protector -fno-short-enums -D__ARM_ARCH_5__ -D__ARM_ARCH_5T__ -D__ARM_ARCH_5E__ -D__ARM_ARCH_5TE__ -DANDROID -Wno-psabi -march=armv5te -mtune=xscale -msoft-float -mthumb -Os -fomit-frame-pointer -fno-strict-aliasing -finline-limit=64 -Wa,--noexecstack -O2 -DNDEBUG -g -I/Users/michi/android/sdl/project/jni/application/../sdl/include -I/Users/michi/android/sdl/project/jni/application/../sdl_mixer -I/Users/michi/android/sdl/project/jni/application/../sdl_image -I/Users/michi/android/sdl/project/jni/application/../sdl_ttf -I/Users/michi/android/sdl/project/jni/application/../sdl_net -I/Users/michi/android/sdl/project/jni/application/../sdl_blitpool -I/Users/michi/android/sdl/project/jni/application/../sdl_gfx -I/Users/michi/android/sdl/project/jni/application/../png -I/Users/michi/android/sdl/project/jni/application/../jpeg -I/Users/michi/android/sdl/project/jni/application/../intl -I/Users/michi/android/sdl/project/jni/application/../freetype/include   conftest.c >&5
configure:4692: $? = 0
configure:4695: test -z 			 || test ! -s conftest.err
configure:4698: $? = 0
configure:4701: test -s conftest.o
configure:4704: $? = 0
configure:4716: result: inline
configure:4855: creating ./config.status

## ---------------------- ##
## Running config.status. ##
## ---------------------- ##

This file was extended by config.status, which was
generated by GNU Autoconf 2.59.  Invocation command line was

  CONFIG_FILES    = 
  CONFIG_HEADERS  = 
  CONFIG_LINKS    = 
  CONFIG_COMMANDS = 
  $ ./config.status 

on AuroraBorealis.local

config.status:735: creating Makefile
config.status:735: creating zipios++/Makefile
config.status:735: creating src/Makefile
config.status:801: creating zipios++/zipios-config.h
config.status:919: zipios++/zipios-config.h is unchanged
config.status:1099: executing depfiles commands

## ---------------- ##
## Cache variables. ##
## ---------------- ##

ac_cv_c_compiler_gnu=yes
ac_cv_c_const=yes
ac_cv_c_inline=inline
ac_cv_cxx_compiler_gnu=yes
ac_cv_cxx_have_std=yes
ac_cv_cxx_have_std_iostream=yes
ac_cv_cxx_have_stl=yes
ac_cv_cxx_namespaces=yes
ac_cv_env_CC_set=set
ac_cv_env_CC_value=/Users/michi/android/ndk-crystax/build/prebuilt/darwin-x86/arm-eabi-4.4.0/bin/arm-eabi-gcc
ac_cv_env_CFLAGS_set=set
ac_cv_env_CFLAGS_value='-I/Users/michi/android/ndk-crystax/build/platforms/android-8/arch-arm/usr/include -fpic -mthumb-interwork -ffunction-sections -funwind-tables -fstack-protector -fno-short-enums -D__ARM_ARCH_5__ -D__ARM_ARCH_5T__ -D__ARM_ARCH_5E__ -D__ARM_ARCH_5TE__ -DANDROID -Wno-psabi -march=armv5te -mtune=xscale -msoft-float -mthumb -Os -fomit-frame-pointer -fno-strict-aliasing -finline-limit=64 -Wa,--noexecstack -O2 -DNDEBUG -g -I/Users/michi/android/sdl/project/jni/application/../sdl/include -I/Users/michi/android/sdl/project/jni/application/../sdl_mixer -I/Users/michi/android/sdl/project/jni/application/../sdl_image -I/Users/michi/android/sdl/project/jni/application/../sdl_ttf -I/Users/michi/android/sdl/project/jni/application/../sdl_net -I/Users/michi/android/sdl/project/jni/application/../sdl_blitpool -I/Users/michi/android/sdl/project/jni/application/../sdl_gfx -I/Users/michi/android/sdl/project/jni/application/../png -I/Users/michi/android/sdl/project/jni/application/../jpeg -I/Users/michi/android/sdl/project/jni/application/../intl -I/Users/michi/android/sdl/project/jni/application/../freetype/include '
ac_cv_env_CPPFLAGS_set=
ac_cv_env_CPPFLAGS_value=
ac_cv_env_CPP_set=set
ac_cv_env_CPP_value='/Users/michi/android/ndk-crystax/build/prebuilt/darwin-x86/arm-eabi-4.4.0/bin/arm-eabi-cpp -I/Users/michi/android/ndk-crystax/build/platforms/android-8/arch-arm/usr/include -fpic -mthumb-interwork -ffunction-sections -funwind-tables -fstack-protector -fno-short-enums -D__ARM_ARCH_5__ -D__ARM_ARCH_5T__ -D__ARM_ARCH_5E__ -D__ARM_ARCH_5TE__ -DANDROID -Wno-psabi -march=armv5te -mtune=xscale -msoft-float -mthumb -Os -fomit-frame-pointer -fno-strict-aliasing -finline-limit=64 -Wa,--noexecstack -O2 -DNDEBUG -g -I/Users/michi/android/sdl/project/jni/application/../sdl/include -I/Users/michi/android/sdl/project/jni/application/../sdl_mixer -I/Users/michi/android/sdl/project/jni/application/../sdl_image -I/Users/michi/android/sdl/project/jni/application/../sdl_ttf -I/Users/michi/android/sdl/project/jni/application/../sdl_net -I/Users/michi/android/sdl/project/jni/application/../sdl_blitpool -I/Users/michi/android/sdl/project/jni/application/../sdl_gfx -I/Users/michi/android/sdl/project/jni/application/../png -I/Users/michi/android/sdl/project/jni/application/../jpeg -I/Users/michi/android/sdl/project/jni/application/../intl -I/Users/michi/android/sdl/project/jni/application/../freetype/include '
ac_cv_env_CXXFLAGS_set=set
ac_cv_env_CXXFLAGS_value='-I/Users/michi/android/ndk-crystax/build/platforms/android-8/arch-arm/usr/include -fpic -mthumb-interwork -ffunction-sections -funwind-tables -fstack-protector -fno-short-enums -D__ARM_ARCH_5__ -D__ARM_ARCH_5T__ -D__ARM_ARCH_5E__ -D__ARM_ARCH_5TE__ -DANDROID -Wno-psabi -march=armv5te -mtune=xscale -msoft-float -mthumb -Os -fomit-frame-pointer -fno-strict-aliasing -finline-limit=64 -Wa,--noexecstack -O2 -DNDEBUG -g -I/Users/michi/android/sdl/project/jni/application/../sdl/include -I/Users/michi/android/sdl/project/jni/application/../sdl_mixer -I/Users/michi/android/sdl/project/jni/application/../sdl_image -I/Users/michi/android/sdl/project/jni/application/../sdl_ttf -I/Users/michi/android/sdl/project/jni/application/../sdl_net -I/Users/michi/android/sdl/project/jni/application/../sdl_blitpool -I/Users/michi/android/sdl/project/jni/application/../sdl_gfx -I/Users/michi/android/sdl/project/jni/application/../png -I/Users/michi/android/sdl/project/jni/application/../jpeg -I/Users/michi/android/sdl/project/jni/application/../intl -I/Users/michi/android/sdl/project/jni/application/../freetype/include '
ac_cv_env_CXX_set=set
ac_cv_env_CXX_value=/Users/michi/android/ndk-crystax/build/prebuilt/darwin-x86/arm-eabi-4.4.0/bin/arm-eabi-g++
ac_cv_env_LDFLAGS_set=set
ac_cv_env_LDFLAGS_value='-nostdlib -Wl,-soname,libapplication.so -Wl,-shared,-Bsymbolic -Wl,--whole-archive -Wl,--no-whole-archive /Users/michi/android/ndk-crystax/build/prebuilt/darwin-x86/arm-eabi-4.4.0/lib/gcc/arm-eabi/4.4.0/libgcc.a /Users/michi/android/sdl/project/jni/application/../../obj/local/armeabi/libsdl.so /Users/michi/android/sdl/project/jni/application/../../obj/local/armeabi/libsdl_image.so /Users/michi/android/sdl/project/jni/application/../../obj/local/armeabi/libsdl_mixer.so /Users/michi/android/sdl/project/jni/application/../../obj/local/armeabi/libsdl_ttf.so /Users/michi/android/ndk-crystax/build/platforms/android-8/arch-arm/usr/lib/libc.so /Users/michi/android/ndk-crystax/build/platforms/android-8/arch-arm/usr/lib/libm.so -Wl,-z,noexecstack -L/Users/michi/android/ndk-crystax/build/platforms/android-8/arch-arm/usr/lib /Users/michi/android/ndk-crystax/build/prebuilt/darwin-x86/arm-eabi-4.4.0/arm-eabi/lib/libstdc++.a /Users/michi/android/ndk-crystax/build/prebuilt/darwin-x86/arm-eabi-4.4.0/arm-eabi/lib/libsupc++.a -lGLESv1_CM -ldl -llog -lz -Wl,-rpath-link=/Users/michi/android/ndk-crystax/build/platforms/android-8/arch-arm/usr/lib -L/Users/michi/android/sdl/project/jni/application/../../obj/local/armeabi'
ac_cv_env_build_alias_set=
ac_cv_env_build_alias_value=
ac_cv_env_host_alias_set=set
ac_cv_env_host_alias_value=arm-eabi
ac_cv_env_target_alias_set=
ac_cv_env_target_alias_value=
ac_cv_exeext=
ac_cv_header_inttypes_h=yes
ac_cv_header_memory_h=yes
ac_cv_header_stdc=yes
ac_cv_header_stdint_h=yes
ac_cv_header_stdlib_h=yes
ac_cv_header_string_h=yes
ac_cv_header_strings_h=yes
ac_cv_header_sys_stat_h=yes
ac_cv_header_sys_types_h=yes
ac_cv_header_unistd_h=yes
ac_cv_lib_z_inflate=yes
ac_cv_lib_z_zError=yes
ac_cv_objext=o
ac_cv_path_install='/usr/bin/install -c'
ac_cv_prog_AWK=gawk
ac_cv_prog_CC=/Users/michi/android/ndk-crystax/build/prebuilt/darwin-x86/arm-eabi-4.4.0/bin/arm-eabi-gcc
ac_cv_prog_CPP='/Users/michi/android/ndk-crystax/build/prebuilt/darwin-x86/arm-eabi-4.4.0/bin/arm-eabi-cpp -I/Users/michi/android/ndk-crystax/build/platforms/android-8/arch-arm/usr/include -fpic -mthumb-interwork -ffunction-sections -funwind-tables -fstack-protector -fno-short-enums -D__ARM_ARCH_5__ -D__ARM_ARCH_5T__ -D__ARM_ARCH_5E__ -D__ARM_ARCH_5TE__ -DANDROID -Wno-psabi -march=armv5te -mtune=xscale -msoft-float -mthumb -Os -fomit-frame-pointer -fno-strict-aliasing -finline-limit=64 -Wa,--noexecstack -O2 -DNDEBUG -g -I/Users/michi/android/sdl/project/jni/application/../sdl/include -I/Users/michi/android/sdl/project/jni/application/../sdl_mixer -I/Users/michi/android/sdl/project/jni/application/../sdl_image -I/Users/michi/android/sdl/project/jni/application/../sdl_ttf -I/Users/michi/android/sdl/project/jni/application/../sdl_net -I/Users/michi/android/sdl/project/jni/application/../sdl_blitpool -I/Users/michi/android/sdl/project/jni/application/../sdl_gfx -I/Users/michi/android/sdl/project/jni/application/../png -I/Users/michi/android/sdl/project/jni/application/../jpeg -I/Users/michi/android/sdl/project/jni/application/../intl -I/Users/michi/android/sdl/project/jni/application/../freetype/include '
ac_cv_prog_CXX=/Users/michi/android/ndk-crystax/build/prebuilt/darwin-x86/arm-eabi-4.4.0/bin/arm-eabi-g++
ac_cv_prog_RANLIB=/Users/michi/android/ndk-crystax/build/prebuilt/darwin-x86/arm-eabi-4.4.0/bin/arm-eabi-ranlib
ac_cv_prog_STRIP=/Users/michi/android/ndk-crystax/build/prebuilt/darwin-x86/arm-eabi-4.4.0/bin/arm-eabi-strip
ac_cv_prog_cc_g=yes
ac_cv_prog_cc_stdc=
ac_cv_prog_cxx_g=yes
ac_cv_prog_egrep='grep -E'
ac_cv_prog_make_make_set=yes
am_cv_CC_dependencies_compiler_type=gcc3
am_cv_CXX_dependencies_compiler_type=gcc3

## ----------------- ##
## Output variables. ##
## ----------------- ##

ACLOCAL='${SHELL} /Users/michi/android/sdl/project/jni/application/enigma/lib-src/zipios++/missing --run aclocal-1.7'
AMDEPBACKSLASH='\'
AMDEP_FALSE='#'
AMDEP_TRUE=''
AMTAR='${SHELL} /Users/michi/android/sdl/project/jni/application/enigma/lib-src/zipios++/missing --run tar'
AUTOCONF='${SHELL} /Users/michi/android/sdl/project/jni/application/enigma/lib-src/zipios++/missing --run autoconf'
AUTOHEADER='${SHELL} /Users/michi/android/sdl/project/jni/application/enigma/lib-src/zipios++/missing --run autoheader'
AUTOMAKE='${SHELL} /Users/michi/android/sdl/project/jni/application/enigma/lib-src/zipios++/missing --run automake-1.7'
AWK='gawk'
CC='/Users/michi/android/ndk-crystax/build/prebuilt/darwin-x86/arm-eabi-4.4.0/bin/arm-eabi-gcc'
CCDEPMODE='depmode=gcc3'
CFLAGS='-I/Users/michi/android/ndk-crystax/build/platforms/android-8/arch-arm/usr/include -fpic -mthumb-interwork -ffunction-sections -funwind-tables -fstack-protector -fno-short-enums -D__ARM_ARCH_5__ -D__ARM_ARCH_5T__ -D__ARM_ARCH_5E__ -D__ARM_ARCH_5TE__ -DANDROID -Wno-psabi -march=armv5te -mtune=xscale -msoft-float -mthumb -Os -fomit-frame-pointer -fno-strict-aliasing -finline-limit=64 -Wa,--noexecstack -O2 -DNDEBUG -g -I/Users/michi/android/sdl/project/jni/application/../sdl/include -I/Users/michi/android/sdl/project/jni/application/../sdl_mixer -I/Users/michi/android/sdl/project/jni/application/../sdl_image -I/Users/michi/android/sdl/project/jni/application/../sdl_ttf -I/Users/michi/android/sdl/project/jni/application/../sdl_net -I/Users/michi/android/sdl/project/jni/application/../sdl_blitpool -I/Users/michi/android/sdl/project/jni/application/../sdl_gfx -I/Users/michi/android/sdl/project/jni/application/../png -I/Users/michi/android/sdl/project/jni/application/../jpeg -I/Users/michi/android/sdl/project/jni/application/../intl -I/Users/michi/android/sdl/project/jni/application/../freetype/include '
CPP='/Users/michi/android/ndk-crystax/build/prebuilt/darwin-x86/arm-eabi-4.4.0/bin/arm-eabi-cpp -I/Users/michi/android/ndk-crystax/build/platforms/android-8/arch-arm/usr/include -fpic -mthumb-interwork -ffunction-sections -funwind-tables -fstack-protector -fno-short-enums -D__ARM_ARCH_5__ -D__ARM_ARCH_5T__ -D__ARM_ARCH_5E__ -D__ARM_ARCH_5TE__ -DANDROID -Wno-psabi -march=armv5te -mtune=xscale -msoft-float -mthumb -Os -fomit-frame-pointer -fno-strict-aliasing -finline-limit=64 -Wa,--noexecstack -O2 -DNDEBUG -g -I/Users/michi/android/sdl/project/jni/application/../sdl/include -I/Users/michi/android/sdl/project/jni/application/../sdl_mixer -I/Users/michi/android/sdl/project/jni/application/../sdl_image -I/Users/michi/android/sdl/project/jni/application/../sdl_ttf -I/Users/michi/android/sdl/project/jni/application/../sdl_net -I/Users/michi/android/sdl/project/jni/application/../sdl_blitpool -I/Users/michi/android/sdl/project/jni/application/../sdl_gfx -I/Users/michi/android/sdl/project/jni/application/../png -I/Users/michi/android/sdl/project/jni/application/../jpeg -I/Users/michi/android/sdl/project/jni/application/../intl -I/Users/michi/android/sdl/project/jni/application/../freetype/include '
CPPFLAGS=''
CXX='/Users/michi/android/ndk-crystax/build/prebuilt/darwin-x86/arm-eabi-4.4.0/bin/arm-eabi-g++'
CXXDEPMODE='depmode=gcc3'
CXXFLAGS='-I/Users/michi/android/ndk-crystax/build/platforms/android-8/arch-arm/usr/include -fpic -mthumb-interwork -ffunction-sections -funwind-tables -fstack-protector -fno-short-enums -D__ARM_ARCH_5__ -D__ARM_ARCH_5T__ -D__ARM_ARCH_5E__ -D__ARM_ARCH_5TE__ -DANDROID -Wno-psabi -march=armv5te -mtune=xscale -msoft-float -mthumb -Os -fomit-frame-pointer -fno-strict-aliasing -finline-limit=64 -Wa,--noexecstack -O2 -DNDEBUG -g -I/Users/michi/android/sdl/project/jni/application/../sdl/include -I/Users/michi/android/sdl/project/jni/application/../sdl_mixer -I/Users/michi/android/sdl/project/jni/application/../sdl_image -I/Users/michi/android/sdl/project/jni/application/../sdl_ttf -I/Users/michi/android/sdl/project/jni/application/../sdl_net -I/Users/michi/android/sdl/project/jni/application/../sdl_blitpool -I/Users/michi/android/sdl/project/jni/application/../sdl_gfx -I/Users/michi/android/sdl/project/jni/application/../png -I/Users/michi/android/sdl/project/jni/application/../jpeg -I/Users/michi/android/sdl/project/jni/application/../intl -I/Users/michi/android/sdl/project/jni/application/../freetype/include '
CYGPATH_W='echo'
DEFS='-DHAVE_CONFIG_H'
DEPDIR='.deps'
ECHO_C='ECHO_N=''
ECHO_T=''
EGREP='grep -E'
EXEEXT=''
INSTALL_DATA='${INSTALL} -m 644'
INSTALL_PROGRAM='${INSTALL}'
INSTALL_SCRIPT='${INSTALL}'
INSTALL_STRIP_PROGRAM='${SHELL} $(install_sh) -c -s'
LDFLAGS='-nostdlib -Wl,-soname,libapplication.so -Wl,-shared,-Bsymbolic -Wl,--whole-archive -Wl,--no-whole-archive /Users/michi/android/ndk-crystax/build/prebuilt/darwin-x86/arm-eabi-4.4.0/lib/gcc/arm-eabi/4.4.0/libgcc.a /Users/michi/android/sdl/project/jni/application/../../obj/local/armeabi/libsdl.so /Users/michi/android/sdl/project/jni/application/../../obj/local/armeabi/libsdl_image.so /Users/michi/android/sdl/project/jni/application/../../obj/local/armeabi/libsdl_mixer.so /Users/michi/android/sdl/project/jni/application/../../obj/local/armeabi/libsdl_ttf.so /Users/michi/android/ndk-crystax/build/platforms/android-8/arch-arm/usr/lib/libc.so /Users/michi/android/ndk-crystax/build/platforms/android-8/arch-arm/usr/lib/libm.so -Wl,-z,noexecstack -L/Users/michi/android/ndk-crystax/build/platforms/android-8/arch-arm/usr/lib /Users/michi/android/ndk-crystax/build/prebuilt/darwin-x86/arm-eabi-4.4.0/arm-eabi/lib/libstdc++.a /Users/michi/android/ndk-crystax/build/prebuilt/darwin-x86/arm-eabi-4.4.0/arm-eabi/lib/libsupc++.a -lGLESv1_CM -ldl -llog -lz -Wl,-rpath-link=/Users/michi/android/ndk-crystax/build/platforms/android-8/arch-arm/usr/lib -L/Users/michi/android/sdl/project/jni/application/../../obj/local/armeabi'
LIBOBJS=''
LIBS=''
LTLIBOBJS=''
MAKEINFO='${SHELL} /Users/michi/android/sdl/project/jni/application/enigma/lib-src/zipios++/missing --run makeinfo'
OBJEXT='o'
PACKAGE='zipios++'
PACKAGE_BUGREPORT=''
PACKAGE_NAME=''
PACKAGE_STRING=''
PACKAGE_TARNAME=''
PACKAGE_VERSION=''
PATH_SEPARATOR=':'
RANLIB='/Users/michi/android/ndk-crystax/build/prebuilt/darwin-x86/arm-eabi-4.4.0/bin/arm-eabi-ranlib'
SET_MAKE=''
SHELL='/bin/sh'
STRIP='/Users/michi/android/ndk-crystax/build/prebuilt/darwin-x86/arm-eabi-4.4.0/bin/arm-eabi-strip'
VERSION='0.1.5'
ac_ct_CC=''
ac_ct_CXX=''
ac_ct_RANLIB=''
ac_ct_STRIP=''
am__fastdepCC_FALSE='#'
am__fastdepCC_TRUE=''
am__fastdepCXX_FALSE='#'
am__fastdepCXX_TRUE=''
am__include='include'
am__leading_dot='.'
am__quote=''
bindir='${exec_prefix}/bin'
build_alias=''
datadir='${prefix}/share'
exec_prefix='${prefix}'
host_alias='arm-eabi'
includedir='${prefix}/include'
infodir='${prefix}/info'
install_sh='/Users/michi/android/sdl/project/jni/application/enigma/lib-src/zipios++/install-sh'
libdir='${exec_prefix}/lib'
libexecdir='${exec_prefix}/libexec'
localstatedir='${prefix}/var'
mandir='${prefix}/man'
oldincludedir='/usr/include'
prefix='/usr/local'
program_transform_name='s,x,x,'
sbindir='${exec_prefix}/sbin'
sharedstatedir='${prefix}/com'
sysconfdir='${prefix}/etc'
target_alias=''

## ----------- ##
## confdefs.h. ##
## ----------- ##

#define HAVE_INTTYPES_H 1
#define HAVE_MEMORY_H 1
#define HAVE_NAMESPACES
#define HAVE_STD
#define HAVE_STDINT_H 1
#define HAVE_STDLIB_H 1
#define HAVE_STD_IOSTREAM
#define HAVE_STL
#define HAVE_STRINGS_H 1
#define HAVE_STRING_H 1
#define HAVE_SYS_STAT_H 1
#define HAVE_SYS_TYPES_H 1
#define HAVE_UNISTD_H 1
#define HAVE_UNISTD_H 1
#define HAVE_ZERROR 1
#define PACKAGE "zipios++"
#define PACKAGE_BUGREPORT ""
#define PACKAGE_NAME ""
#define PACKAGE_STRING ""
#define PACKAGE_TARNAME ""
#define PACKAGE_VERSION ""
#define STDC_HEADERS 1
#define USE_STD_IOSTREAM 1
#define VERSION "0.1.5"
#endif
#ifdef __cplusplus
extern "C" void exit (int) throw ();

configure: exit 0
